#
# There is insufficient memory for the Java Runtime Environment to continue.
# Native memory allocation (malloc) failed to allocate 67984 bytes for Chunk::new
# Possible reasons:
#   The system is out of physical RAM or swap space
#   The process is running with CompressedOops enabled, and the Java Heap may be blocking the growth of the native heap
# Possible solutions:
#   Reduce memory load on the system
#   Increase physical memory or swap space
#   Check if swap backing store is full
#   Decrease Java heap size (-Xmx/-Xms)
#   Decrease number of Java threads
#   Decrease Java thread stack sizes (-Xss)
#   Set larger code cache with -XX:ReservedCodeCacheSize=
#   JVM is running with Unscaled Compressed Oops mode in which the Java heap is
#     placed in the first 4GB address space. The Java Heap base address is the
#     maximum limit for the native heap growth. Please use -XX:HeapBaseMinAddress
#     to set the Java Heap base and to place the Java Heap above 4GB virtual address.
# This output file may be truncated or incomplete.
#
#  Out of Memory Error (arena.cpp:189), pid=25304, tid=30392
#
# JRE version: Java(TM) SE Runtime Environment (17.0.10+11) (build 17.0.10+11-LTS-240)
# Java VM: Java HotSpot(TM) 64-Bit Server VM (17.0.10+11-LTS-240, mixed mode, sharing, tiered, compressed oops, compressed class ptrs, g1 gc, windows-amd64)
# No core dump will be written. Minidumps are not enabled by default on client versions of Windows
#

---------------  S U M M A R Y ------------

Command Line: -Xmx64m -Xms64m -Dorg.gradle.appname=gradlew E:\Appointza\version1\AppointzaAdmin\android\\gradle\wrapper\gradle-wrapper.jar assembleRelease

Host: 12th Gen Intel(R) Core(TM) i5-12450H, 12 cores, 15G,  Windows 11 , 64 bit Build 26100 (10.0.26100.7019)
Time: Sun Nov 23 00:29:43 2025 India Standard Time elapsed time: 183.358974 seconds (0d 0h 3m 3s)

---------------  T H R E A D  ---------------

Current thread (0x000001b963f28d70):  JavaThread "C2 CompilerThread0" daemon [_thread_in_native, id=30392, stack(0x000000af98700000,0x000000af98800000)]


Current CompileTask:
C2: 183359 1938       4       org.fusesource.jansi.Ansi::flushAttributes (94 bytes)

Stack: [0x000000af98700000,0x000000af98800000]
Native frames: (J=compiled Java code, j=interpreted, Vv=VM code, C=native code)
V  [jvm.dll+0x677a5a]
V  [jvm.dll+0x7d8b2d]
V  [jvm.dll+0x7da48e]
V  [jvm.dll+0x7daaf3]
V  [jvm.dll+0x2455ff]
V  [jvm.dll+0xaaafb]
V  [jvm.dll+0xab09c]
V  [jvm.dll+0x11d5c4]
V  [jvm.dll+0x605b32]
V  [jvm.dll+0x609c6c]
V  [jvm.dll+0x2177ce]
V  [jvm.dll+0x216d81]
V  [jvm.dll+0x1a3410]
V  [jvm.dll+0x226aeb]
V  [jvm.dll+0x224cab]
V  [jvm.dll+0x78e45c]
V  [jvm.dll+0x78888a]
V  [jvm.dll+0x676935]
C  [ucrtbase.dll+0x37b0]
C  [KERNEL32.DLL+0x2e8d7]
C  [ntdll.dll+0x8c53c]


---------------  P R O C E S S  ---------------

Threads class SMR info:
_java_thread_list=0x000001b9695778b0, length=13, elements={
0x000001b9483550b0, 0x000001b963f0e860, 0x000001b963f0f420, 0x000001b963f24280,
0x000001b963f26c50, 0x000001b963f27610, 0x000001b963f27fd0, 0x000001b963f28d70,
0x000001b963f2a030, 0x000001b963f2da50, 0x000001b9681b43b0, 0x000001b9681b6a50,
0x000001b9697a5a70
}

Java Threads: ( => current thread )
  0x000001b9483550b0 JavaThread "main" [_thread_in_native, id=13980, stack(0x000000af97a00000,0x000000af97b00000)]
  0x000001b963f0e860 JavaThread "Reference Handler" daemon [_thread_blocked, id=20412, stack(0x000000af98100000,0x000000af98200000)]
  0x000001b963f0f420 JavaThread "Finalizer" daemon [_thread_blocked, id=25580, stack(0x000000af98200000,0x000000af98300000)]
  0x000001b963f24280 JavaThread "Signal Dispatcher" daemon [_thread_blocked, id=13720, stack(0x000000af98300000,0x000000af98400000)]
  0x000001b963f26c50 JavaThread "Attach Listener" daemon [_thread_blocked, id=13776, stack(0x000000af98400000,0x000000af98500000)]
  0x000001b963f27610 JavaThread "Service Thread" daemon [_thread_blocked, id=26848, stack(0x000000af98500000,0x000000af98600000)]
  0x000001b963f27fd0 JavaThread "Monitor Deflation Thread" daemon [_thread_blocked, id=14312, stack(0x000000af98600000,0x000000af98700000)]
=>0x000001b963f28d70 JavaThread "C2 CompilerThread0" daemon [_thread_in_native, id=30392, stack(0x000000af98700000,0x000000af98800000)]
  0x000001b963f2a030 JavaThread "C1 CompilerThread0" daemon [_thread_blocked, id=29572, stack(0x000000af98800000,0x000000af98900000)]
  0x000001b963f2da50 JavaThread "Sweeper thread" daemon [_thread_blocked, id=24332, stack(0x000000af98900000,0x000000af98a00000)]
  0x000001b9681b43b0 JavaThread "Notification Thread" daemon [_thread_blocked, id=15212, stack(0x000000af98a00000,0x000000af98b00000)]
  0x000001b9681b6a50 JavaThread "Common-Cleaner" daemon [_thread_blocked, id=2480, stack(0x000000af98c00000,0x000000af98d00000)]
  0x000001b9697a5a70 JavaThread "pool-1-thread-1" [_thread_blocked, id=18116, stack(0x000000af99200000,0x000000af99300000)]

Other Threads:
  0x000001b963f079a0 VMThread "VM Thread" [stack: 0x000000af98000000,0x000000af98100000] [id=12424]
  0x000001b948384810 WatcherThread [stack: 0x000000af98b00000,0x000000af98c00000] [id=5280]
  0x000001b948374e30 GCTaskThread "GC Thread#0" [stack: 0x000000af97b00000,0x000000af97c00000] [id=20388]
  0x000001b9686a2b70 GCTaskThread "GC Thread#1" [stack: 0x000000af98f00000,0x000000af99000000] [id=19152]
  0x000001b9686df560 GCTaskThread "GC Thread#2" [stack: 0x000000af99000000,0x000000af99100000] [id=17604]
  0x000001b9685cc150 GCTaskThread "GC Thread#3" [stack: 0x000000af99100000,0x000000af99200000] [id=1504]
  0x000001b969191840 GCTaskThread "GC Thread#4" [stack: 0x000000af99300000,0x000000af99400000] [id=27496]
  0x000001b968757680 GCTaskThread "GC Thread#5" [stack: 0x000000af99400000,0x000000af99500000] [id=9012]
  0x000001b969247520 GCTaskThread "GC Thread#6" [stack: 0x000000af99500000,0x000000af99600000] [id=20192]
  0x000001b948376580 ConcurrentGCThread "G1 Main Marker" [stack: 0x000000af97c00000,0x000000af97d00000] [id=2996]
  0x000001b948377c60 ConcurrentGCThread "G1 Conc#0" [stack: 0x000000af97d00000,0x000000af97e00000] [id=30740]
  0x000001b94840f2c0 ConcurrentGCThread "G1 Refine#0" [stack: 0x000000af97e00000,0x000000af97f00000] [id=19076]
  0x000001b94840fcf0 ConcurrentGCThread "G1 Service" [stack: 0x000000af97f00000,0x000000af98000000] [id=3264]

Threads with active compile tasks:
C2 CompilerThread0   183400 1938       4       org.fusesource.jansi.Ansi::flushAttributes (94 bytes)

VM state: not at safepoint (normal execution)

VM Mutex/Monitor currently owned by a thread: None

Heap address: 0x00000000fc000000, size: 64 MB, Compressed Oops mode: 32-bit

CDS archive(s) mapped at: [0x000001b900000000-0x000001b900bd0000-0x000001b900bd0000), size 12386304, SharedBaseAddress: 0x000001b900000000, ArchiveRelocationMode: 1.
Compressed class space mapped at: 0x000001b901000000-0x000001b941000000, reserved size: 1073741824
Narrow klass base: 0x000001b900000000, Narrow klass shift: 0, Narrow klass range: 0x100000000

GC Precious Log:
 CPUs: 12 total, 12 available
 Memory: 16076M
 Large Page Support: Disabled
 NUMA Support: Disabled
 Compressed Oops: Enabled (32-bit)
 Heap Region Size: 1M
 Heap Min Capacity: 64M
 Heap Initial Capacity: 64M
 Heap Max Capacity: 64M
 Pre-touch: Disabled
 Parallel Workers: 10
 Concurrent Workers: 3
 Concurrent Refinement Workers: 10
 Periodic GC: Disabled

Heap:
 garbage-first heap   total 65536K, used 19287K [0x00000000fc000000, 0x0000000100000000)
  region size 1024K, 13 young (13312K), 4 survivors (4096K)
 Metaspace       used 9532K, committed 9728K, reserved 1114112K
  class space    used 1256K, committed 1344K, reserved 1048576K

Heap Regions: E=young(eden), S=young(survivor), O=old, HS=humongous(starts), HC=humongous(continues), CS=collection set, F=free, OA=open archive, CA=closed archive, TAMS=top-at-mark-start (previous, next)
|   0|0x00000000fc000000, 0x00000000fc100000, 0x00000000fc100000|100%|HS|  |TAMS 0x00000000fc000000, 0x00000000fc000000| Complete 
|   1|0x00000000fc100000, 0x00000000fc200000, 0x00000000fc200000|100%|HC|  |TAMS 0x00000000fc100000, 0x00000000fc100000| Complete 
|   2|0x00000000fc200000, 0x00000000fc300000, 0x00000000fc300000|100%|HC|  |TAMS 0x00000000fc200000, 0x00000000fc200000| Complete 
|   3|0x00000000fc300000, 0x00000000fc400000, 0x00000000fc400000|100%| O|  |TAMS 0x00000000fc300000, 0x00000000fc300000| Untracked 
|   4|0x00000000fc400000, 0x00000000fc500000, 0x00000000fc500000|100%| O|  |TAMS 0x00000000fc400000, 0x00000000fc400000| Untracked 
|   5|0x00000000fc500000, 0x00000000fc600000, 0x00000000fc600000|100%| O|  |TAMS 0x00000000fc500000, 0x00000000fc500000| Untracked 
|   6|0x00000000fc600000, 0x00000000fc6d5c00, 0x00000000fc700000| 83%| O|  |TAMS 0x00000000fc600000, 0x00000000fc600000| Untracked 
|   7|0x00000000fc700000, 0x00000000fc700000, 0x00000000fc800000|  0%| F|  |TAMS 0x00000000fc700000, 0x00000000fc700000| Untracked 
|   8|0x00000000fc800000, 0x00000000fc800000, 0x00000000fc900000|  0%| F|  |TAMS 0x00000000fc800000, 0x00000000fc800000| Untracked 
|   9|0x00000000fc900000, 0x00000000fc900000, 0x00000000fca00000|  0%| F|  |TAMS 0x00000000fc900000, 0x00000000fc900000| Untracked 
|  10|0x00000000fca00000, 0x00000000fca00000, 0x00000000fcb00000|  0%| F|  |TAMS 0x00000000fca00000, 0x00000000fca00000| Untracked 
|  11|0x00000000fcb00000, 0x00000000fcb00000, 0x00000000fcc00000|  0%| F|  |TAMS 0x00000000fcb00000, 0x00000000fcb00000| Untracked 
|  12|0x00000000fcc00000, 0x00000000fcc00000, 0x00000000fcd00000|  0%| F|  |TAMS 0x00000000fcc00000, 0x00000000fcc00000| Untracked 
|  13|0x00000000fcd00000, 0x00000000fcd00000, 0x00000000fce00000|  0%| F|  |TAMS 0x00000000fcd00000, 0x00000000fcd00000| Untracked 
|  14|0x00000000fce00000, 0x00000000fce00000, 0x00000000fcf00000|  0%| F|  |TAMS 0x00000000fce00000, 0x00000000fce00000| Untracked 
|  15|0x00000000fcf00000, 0x00000000fcf00000, 0x00000000fd000000|  0%| F|  |TAMS 0x00000000fcf00000, 0x00000000fcf00000| Untracked 
|  16|0x00000000fd000000, 0x00000000fd000000, 0x00000000fd100000|  0%| F|  |TAMS 0x00000000fd000000, 0x00000000fd000000| Untracked 
|  17|0x00000000fd100000, 0x00000000fd100000, 0x00000000fd200000|  0%| F|  |TAMS 0x00000000fd100000, 0x00000000fd100000| Untracked 
|  18|0x00000000fd200000, 0x00000000fd200000, 0x00000000fd300000|  0%| F|  |TAMS 0x00000000fd200000, 0x00000000fd200000| Untracked 
|  19|0x00000000fd300000, 0x00000000fd300000, 0x00000000fd400000|  0%| F|  |TAMS 0x00000000fd300000, 0x00000000fd300000| Untracked 
|  20|0x00000000fd400000, 0x00000000fd400000, 0x00000000fd500000|  0%| F|  |TAMS 0x00000000fd400000, 0x00000000fd400000| Untracked 
|  21|0x00000000fd500000, 0x00000000fd500000, 0x00000000fd600000|  0%| F|  |TAMS 0x00000000fd500000, 0x00000000fd500000| Untracked 
|  22|0x00000000fd600000, 0x00000000fd600000, 0x00000000fd700000|  0%| F|  |TAMS 0x00000000fd600000, 0x00000000fd600000| Untracked 
|  23|0x00000000fd700000, 0x00000000fd700000, 0x00000000fd800000|  0%| F|  |TAMS 0x00000000fd700000, 0x00000000fd700000| Untracked 
|  24|0x00000000fd800000, 0x00000000fd800000, 0x00000000fd900000|  0%| F|  |TAMS 0x00000000fd800000, 0x00000000fd800000| Untracked 
|  25|0x00000000fd900000, 0x00000000fd900000, 0x00000000fda00000|  0%| F|  |TAMS 0x00000000fd900000, 0x00000000fd900000| Untracked 
|  26|0x00000000fda00000, 0x00000000fda00000, 0x00000000fdb00000|  0%| F|  |TAMS 0x00000000fda00000, 0x00000000fda00000| Untracked 
|  27|0x00000000fdb00000, 0x00000000fdb00000, 0x00000000fdc00000|  0%| F|  |TAMS 0x00000000fdb00000, 0x00000000fdb00000| Untracked 
|  28|0x00000000fdc00000, 0x00000000fdd00000, 0x00000000fdd00000|100%| S|CS|TAMS 0x00000000fdc00000, 0x00000000fdc00000| Complete 
|  29|0x00000000fdd00000, 0x00000000fde00000, 0x00000000fde00000|100%| S|CS|TAMS 0x00000000fdd00000, 0x00000000fdd00000| Complete 
|  30|0x00000000fde00000, 0x00000000fdf00000, 0x00000000fdf00000|100%| S|CS|TAMS 0x00000000fde00000, 0x00000000fde00000| Complete 
|  31|0x00000000fdf00000, 0x00000000fe000000, 0x00000000fe000000|100%| S|CS|TAMS 0x00000000fdf00000, 0x00000000fdf00000| Complete 
|  32|0x00000000fe000000, 0x00000000fe000000, 0x00000000fe100000|  0%| F|  |TAMS 0x00000000fe000000, 0x00000000fe000000| Untracked 
|  33|0x00000000fe100000, 0x00000000fe100000, 0x00000000fe200000|  0%| F|  |TAMS 0x00000000fe100000, 0x00000000fe100000| Untracked 
|  34|0x00000000fe200000, 0x00000000fe200000, 0x00000000fe300000|  0%| F|  |TAMS 0x00000000fe200000, 0x00000000fe200000| Untracked 
|  35|0x00000000fe300000, 0x00000000fe300000, 0x00000000fe400000|  0%| F|  |TAMS 0x00000000fe300000, 0x00000000fe300000| Untracked 
|  36|0x00000000fe400000, 0x00000000fe400000, 0x00000000fe500000|  0%| F|  |TAMS 0x00000000fe400000, 0x00000000fe400000| Untracked 
|  37|0x00000000fe500000, 0x00000000fe500000, 0x00000000fe600000|  0%| F|  |TAMS 0x00000000fe500000, 0x00000000fe500000| Untracked 
|  38|0x00000000fe600000, 0x00000000fe600000, 0x00000000fe700000|  0%| F|  |TAMS 0x00000000fe600000, 0x00000000fe600000| Untracked 
|  39|0x00000000fe700000, 0x00000000fe700000, 0x00000000fe800000|  0%| F|  |TAMS 0x00000000fe700000, 0x00000000fe700000| Untracked 
|  40|0x00000000fe800000, 0x00000000fe800000, 0x00000000fe900000|  0%| F|  |TAMS 0x00000000fe800000, 0x00000000fe800000| Untracked 
|  41|0x00000000fe900000, 0x00000000fe900000, 0x00000000fea00000|  0%| F|  |TAMS 0x00000000fe900000, 0x00000000fe900000| Untracked 
|  42|0x00000000fea00000, 0x00000000fea00000, 0x00000000feb00000|  0%| F|  |TAMS 0x00000000fea00000, 0x00000000fea00000| Untracked 
|  43|0x00000000feb00000, 0x00000000feb00000, 0x00000000fec00000|  0%| F|  |TAMS 0x00000000feb00000, 0x00000000feb00000| Untracked 
|  44|0x00000000fec00000, 0x00000000fec00000, 0x00000000fed00000|  0%| F|  |TAMS 0x00000000fec00000, 0x00000000fec00000| Untracked 
|  45|0x00000000fed00000, 0x00000000fed00000, 0x00000000fee00000|  0%| F|  |TAMS 0x00000000fed00000, 0x00000000fed00000| Untracked 
|  46|0x00000000fee00000, 0x00000000fee00000, 0x00000000fef00000|  0%| F|  |TAMS 0x00000000fee00000, 0x00000000fee00000| Untracked 
|  47|0x00000000fef00000, 0x00000000fef00000, 0x00000000ff000000|  0%| F|  |TAMS 0x00000000fef00000, 0x00000000fef00000| Untracked 
|  48|0x00000000ff000000, 0x00000000ff000000, 0x00000000ff100000|  0%| F|  |TAMS 0x00000000ff000000, 0x00000000ff000000| Untracked 
|  49|0x00000000ff100000, 0x00000000ff100000, 0x00000000ff200000|  0%| F|  |TAMS 0x00000000ff100000, 0x00000000ff100000| Untracked 
|  50|0x00000000ff200000, 0x00000000ff200000, 0x00000000ff300000|  0%| F|  |TAMS 0x00000000ff200000, 0x00000000ff200000| Untracked 
|  51|0x00000000ff300000, 0x00000000ff300000, 0x00000000ff400000|  0%| F|  |TAMS 0x00000000ff300000, 0x00000000ff300000| Untracked 
|  52|0x00000000ff400000, 0x00000000ff400000, 0x00000000ff500000|  0%| F|  |TAMS 0x00000000ff400000, 0x00000000ff400000| Untracked 
|  53|0x00000000ff500000, 0x00000000ff500000, 0x00000000ff600000|  0%| F|  |TAMS 0x00000000ff500000, 0x00000000ff500000| Untracked 
|  54|0x00000000ff600000, 0x00000000ff600000, 0x00000000ff700000|  0%| F|  |TAMS 0x00000000ff600000, 0x00000000ff600000| Untracked 
|  55|0x00000000ff700000, 0x00000000ff7fc670, 0x00000000ff800000| 98%| E|  |TAMS 0x00000000ff700000, 0x00000000ff700000| Complete 
|  56|0x00000000ff800000, 0x00000000ff900000, 0x00000000ff900000|100%| E|CS|TAMS 0x00000000ff800000, 0x00000000ff800000| Complete 
|  57|0x00000000ff900000, 0x00000000ffa00000, 0x00000000ffa00000|100%| E|CS|TAMS 0x00000000ff900000, 0x00000000ff900000| Complete 
|  58|0x00000000ffa00000, 0x00000000ffb00000, 0x00000000ffb00000|100%| E|CS|TAMS 0x00000000ffa00000, 0x00000000ffa00000| Complete 
|  59|0x00000000ffb00000, 0x00000000ffc00000, 0x00000000ffc00000|100%| E|CS|TAMS 0x00000000ffb00000, 0x00000000ffb00000| Complete 
|  60|0x00000000ffc00000, 0x00000000ffd00000, 0x00000000ffd00000|100%| E|CS|TAMS 0x00000000ffc00000, 0x00000000ffc00000| Complete 
|  61|0x00000000ffd00000, 0x00000000ffe00000, 0x00000000ffe00000|100%| E|CS|TAMS 0x00000000ffd00000, 0x00000000ffd00000| Complete 
|  62|0x00000000ffe00000, 0x00000000fff00000, 0x00000000fff00000|100%| E|CS|TAMS 0x00000000ffe00000, 0x00000000ffe00000| Complete 
|  63|0x00000000fff00000, 0x0000000100000000, 0x0000000100000000|100%| E|CS|TAMS 0x00000000fff00000, 0x00000000fff00000| Complete 

Card table byte_map: [0x000001b948780000,0x000001b9487a0000] _byte_map_base: 0x000001b947fa0000

Marking Bits (Prev, Next): (CMBitMap*) 0x000001b948375450, (CMBitMap*) 0x000001b948375490
 Prev Bits: [0x000001b961110000, 0x000001b961210000)
 Next Bits: [0x000001b961210000, 0x000001b961310000)

Polling page: 0x000001b948420000

Metaspace:

Usage:
  Non-class:      8.08 MB used.
      Class:      1.23 MB used.
       Both:      9.31 MB used.

Virtual space:
  Non-class space:       64.00 MB reserved,       8.19 MB ( 13%) committed,  1 nodes.
      Class space:        1.00 GB reserved,       1.31 MB ( <1%) committed,  1 nodes.
             Both:        1.06 GB reserved,       9.50 MB ( <1%) committed. 

Chunk freelists:
   Non-Class:  7.67 MB
       Class:  14.51 MB
        Both:  22.18 MB

MaxMetaspaceSize: unlimited
CompressedClassSpaceSize: 1.00 GB
Initial GC threshold: 21.00 MB
Current GC threshold: 21.00 MB
CDS: on
MetaspaceReclaimPolicy: balanced
 - commit_granule_bytes: 65536.
 - commit_granule_words: 8192.
 - virtual_space_node_default_size: 8388608.
 - enlarge_chunks_in_place: 1.
 - new_chunks_are_fully_committed: 0.
 - uncommit_free_chunks: 1.
 - use_allocation_guard: 0.
 - handle_deallocations: 1.


Internal statistics:

num_allocs_failed_limit: 0.
num_arena_births: 80.
num_arena_deaths: 0.
num_vsnodes_births: 2.
num_vsnodes_deaths: 0.
num_space_committed: 152.
num_space_uncommitted: 0.
num_chunks_returned_to_freelist: 0.
num_chunks_taken_from_freelist: 345.
num_chunk_merges: 0.
num_chunk_splits: 231.
num_chunks_enlarged: 186.
num_inconsistent_stats: 0.

CodeHeap 'non-profiled nmethods': size=120000Kb used=818Kb max_used=818Kb free=119182Kb
 bounds [0x000001b959050000, 0x000001b9592c0000, 0x000001b960580000]
CodeHeap 'profiled nmethods': size=120000Kb used=3555Kb max_used=3555Kb free=116444Kb
 bounds [0x000001b951580000, 0x000001b951900000, 0x000001b958ab0000]
CodeHeap 'non-nmethods': size=5760Kb used=1171Kb max_used=1199Kb free=4588Kb
 bounds [0x000001b958ab0000, 0x000001b958d20000, 0x000001b959050000]
 total_blobs=2405 nmethods=1937 adapters=381
 compilation: enabled
              stopped_count=0, restarted_count=0
 full_count=0

Compilation events (20 events):
Event: 178.250 Thread 0x000001b963f2a030 1929       3       org.gradle.internal.logging.console.DefaultAnsiExecutor::access$400 (6 bytes)
Event: 178.250 Thread 0x000001b963f2a030 nmethod 1929 0x000001b9518f5f10 code [0x000001b9518f60a0, 0x000001b9518f61c8]
Event: 178.259 Thread 0x000001b963f28d70 nmethod 1924% 0x000001b959118190 code [0x000001b959118320, 0x000001b959118778]
Event: 178.277 Thread 0x000001b963f28d70 1930       4       org.gradle.internal.logging.console.DefaultWorkInProgressFormatter::format (102 bytes)
Event: 178.378 Thread 0x000001b963f28d70 nmethod 1930 0x000001b959118910 code [0x000001b959118bc0, 0x000001b95911b070]
Event: 179.238 Thread 0x000001b963f2a030 1931       3       org.fusesource.jansi.Ansi::cursorUp (8 bytes)
Event: 179.238 Thread 0x000001b963f2a030 nmethod 1931 0x000001b9518f6290 code [0x000001b9518f6420, 0x000001b9518f6568]
Event: 179.949 Thread 0x000001b963f28d70 1932       4       java.util.concurrent.ScheduledThreadPoolExecutor::canRunInCurrentRunState (61 bytes)
Event: 179.951 Thread 0x000001b963f28d70 nmethod 1932 0x000001b95911c210 code [0x000001b95911c380, 0x000001b95911c438]
Event: 180.961 Thread 0x000001b963f2a030 1933       1       org.gradle.internal.logging.text.AbstractStyledTextOutput::getStyle (5 bytes)
Event: 180.961 Thread 0x000001b963f2a030 nmethod 1933 0x000001b95911c510 code [0x000001b95911c6a0, 0x000001b95911c778]
Event: 181.056 Thread 0x000001b963f2a030 1934       3       org.gradle.internal.logging.console.MultiLineBuildProgressArea::newLineAdjustment (50 bytes)
Event: 181.056 Thread 0x000001b963f2a030 nmethod 1934 0x000001b9518f6610 code [0x000001b9518f6800, 0x000001b9518f6d88]
Event: 181.132 Thread 0x000001b963f2a030 1935       3       java.util.ArrayList::toArray (12 bytes)
Event: 181.132 Thread 0x000001b963f2a030 nmethod 1935 0x000001b9518f6f90 code [0x000001b9518f7140, 0x000001b9518f7328]
Event: 181.132 Thread 0x000001b963f2a030 1936       3       org.gradle.internal.logging.events.CategorisedOutputEvent::<init> (21 bytes)
Event: 181.132 Thread 0x000001b963f2a030 nmethod 1936 0x000001b9518f7410 code [0x000001b9518f75c0, 0x000001b9518f7838]
Event: 181.145 Thread 0x000001b963f2a030 1937       3       org.gradle.internal.logging.console.DefaultAnsiExecutor$AnsiContextImpl::newLine (82 bytes)
Event: 181.147 Thread 0x000001b963f2a030 nmethod 1937 0x000001b9518f7910 code [0x000001b9518f7bc0, 0x000001b9518f8758]
Event: 183.236 Thread 0x000001b963f28d70 1938       4       org.fusesource.jansi.Ansi::flushAttributes (94 bytes)

GC Heap History (4 events):
Event: 0.279 GC heap before
{Heap before GC invocations=0 (full 0):
 garbage-first heap   total 65536K, used 23552K [0x00000000fc000000, 0x0000000100000000)
  region size 1024K, 23 young (23552K), 0 survivors (0K)
 Metaspace       used 1695K, committed 1792K, reserved 1114112K
  class space    used 158K, committed 192K, reserved 1048576K
}
Event: 0.282 GC heap after
{Heap after GC invocations=1 (full 0):
 garbage-first heap   total 65536K, used 1824K [0x00000000fc000000, 0x0000000100000000)
  region size 1024K, 2 young (2048K), 2 survivors (2048K)
 Metaspace       used 1695K, committed 1792K, reserved 1114112K
  class space    used 158K, committed 192K, reserved 1048576K
}
Event: 0.892 GC heap before
{Heap before GC invocations=1 (full 0):
 garbage-first heap   total 65536K, used 35616K [0x00000000fc000000, 0x0000000100000000)
  region size 1024K, 32 young (32768K), 2 survivors (2048K)
 Metaspace       used 7631K, committed 7808K, reserved 1114112K
  class space    used 1048K, committed 1152K, reserved 1048576K
}
Event: 0.897 GC heap after
{Heap after GC invocations=2 (full 0):
 garbage-first heap   total 65536K, used 11095K [0x00000000fc000000, 0x0000000100000000)
  region size 1024K, 4 young (4096K), 4 survivors (4096K)
 Metaspace       used 7631K, committed 7808K, reserved 1114112K
  class space    used 1048K, committed 1152K, reserved 1048576K
}

Deoptimization events (20 events):
Event: 2.730 Thread 0x000001b9697a5a70 DEOPT PACKING pc=0x000001b959077f84 sp=0x000000af992fe700
Event: 2.730 Thread 0x000001b9697a5a70 DEOPT UNPACKING pc=0x000001b958b023a3 sp=0x000000af992fe6d0 mode 2
Event: 2.731 Thread 0x000001b9697a5a70 Uncommon trap: trap_request=0xffffff45 fr.pc=0x000001b959068c54 relative=0x00000000000001b4
Event: 2.731 Thread 0x000001b9697a5a70 Uncommon trap: reason=unstable_if action=reinterpret pc=0x000001b959068c54 method=java.lang.String.indexOf(II)I @ 4 c2
Event: 2.731 Thread 0x000001b9697a5a70 DEOPT PACKING pc=0x000001b959068c54 sp=0x000000af992fe210
Event: 2.731 Thread 0x000001b9697a5a70 DEOPT UNPACKING pc=0x000001b958b023a3 sp=0x000000af992fe1b0 mode 2
Event: 2.731 Thread 0x000001b9697a5a70 Uncommon trap: trap_request=0xffffff45 fr.pc=0x000001b95909cf20 relative=0x00000000000004e0
Event: 2.731 Thread 0x000001b9697a5a70 Uncommon trap: reason=unstable_if action=reinterpret pc=0x000001b95909cf20 method=java.lang.AbstractStringBuilder.putStringAt(ILjava/lang/String;II)V @ 8 c2
Event: 2.731 Thread 0x000001b9697a5a70 DEOPT PACKING pc=0x000001b95909cf20 sp=0x000000af992fdfb0
Event: 2.731 Thread 0x000001b9697a5a70 DEOPT UNPACKING pc=0x000001b958b023a3 sp=0x000000af992fde90 mode 2
Event: 2.731 Thread 0x000001b9697a5a70 Uncommon trap: trap_request=0xffffff45 fr.pc=0x000001b9590eb474 relative=0x00000000000003d4
Event: 2.731 Thread 0x000001b9697a5a70 Uncommon trap: reason=unstable_if action=reinterpret pc=0x000001b9590eb474 method=java.lang.AbstractStringBuilder.isLatin1()Z @ 10 c2
Event: 2.731 Thread 0x000001b9697a5a70 DEOPT PACKING pc=0x000001b9590eb474 sp=0x000000af992fe3b0
Event: 2.731 Thread 0x000001b9697a5a70 DEOPT UNPACKING pc=0x000001b958b023a3 sp=0x000000af992fe330 mode 2
Event: 2.731 Thread 0x000001b9697a5a70 Uncommon trap: trap_request=0xffffff45 fr.pc=0x000001b95906bdfc relative=0x000000000000025c
Event: 2.731 Thread 0x000001b9697a5a70 Uncommon trap: reason=unstable_if action=reinterpret pc=0x000001b95906bdfc method=java.lang.String.getChars(II[CI)V @ 23 c2
Event: 2.731 Thread 0x000001b9697a5a70 DEOPT PACKING pc=0x000001b95906bdfc sp=0x000000af992fe260
Event: 2.731 Thread 0x000001b9697a5a70 DEOPT UNPACKING pc=0x000001b958b023a3 sp=0x000000af992fe220 mode 2
Event: 158.407 Thread 0x000001b9483550b0 DEOPT PACKING pc=0x000001b9517f34cd sp=0x000000af97afcbb0
Event: 158.407 Thread 0x000001b9483550b0 DEOPT UNPACKING pc=0x000001b958b02b43 sp=0x000000af97afc048 mode 0

Classes unloaded (0 events):
No events

Classes redefined (0 events):
No events

Internal exceptions (20 events):
Event: 0.105 Thread 0x000001b9483550b0 Exception <a 'java/lang/NoSuchMethodError'{0x00000000ffc035f0}: 'int java.lang.invoke.DirectMethodHandle$Holder.invokeStaticInit(java.lang.Object, java.lang.Object)'> (0x00000000ffc035f0) 
thrown [s\open\src\hotspot\share\interpreter\linkResolver.cpp, line 759]
Event: 0.540 Thread 0x000001b9483550b0 Exception <a 'java/lang/NoSuchMethodError'{0x00000000ff1b6160}: 'java.lang.Object java.lang.invoke.DirectMethodHandle$Holder.invokeStaticInit(java.lang.Object)'> (0x00000000ff1b6160) 
thrown [s\open\src\hotspot\share\interpreter\linkResolver.cpp, line 759]
Event: 0.549 Thread 0x000001b9483550b0 Exception <a 'java/lang/NoSuchMethodError'{0x00000000ff1d0e28}: 'int java.lang.invoke.DirectMethodHandle$Holder.invokeSpecial(java.lang.Object, java.lang.Object, java.lang.Object)'> (0x00000000ff1d0e28) 
thrown [s\open\src\hotspot\share\interpreter\linkResolver.cpp, line 759]
Event: 0.553 Thread 0x000001b9483550b0 Exception <a 'java/lang/NoSuchMethodError'{0x00000000ff00dec8}: 'void java.lang.invoke.DirectMethodHandle$Holder.invokeStatic(java.lang.Object, java.lang.Object)'> (0x00000000ff00dec8) 
thrown [s\open\src\hotspot\share\interpreter\linkResolver.cpp, line 759]
Event: 0.554 Thread 0x000001b9483550b0 Implicit null exception at 0x000001b9590b128a to 0x000001b9590b17d0
Event: 0.554 Thread 0x000001b9483550b0 Implicit null exception at 0x000001b95909310f to 0x000001b959093658
Event: 0.566 Thread 0x000001b9483550b0 Exception <a 'java/lang/NoClassDefFoundError'{0x00000000ff089288}: org/slf4j/impl/StaticMarkerBinder> (0x00000000ff089288) 
thrown [s\open\src\hotspot\share\classfile\systemDictionary.cpp, line 245]
Event: 0.587 Thread 0x000001b9483550b0 Exception <a 'java/lang/NoSuchMethodError'{0x00000000fefac658}: 'java.lang.Object java.lang.invoke.Invokers$Holder.invoker(java.lang.Object, java.lang.Object, java.lang.Object)'> (0x00000000fefac658) 
thrown [s\open\src\hotspot\share\interpreter\linkResolver.cpp, line 759]
Event: 0.588 Thread 0x000001b9483550b0 Exception <a 'java/lang/NoSuchMethodError'{0x00000000fefb57b0}: 'java.lang.Object java.lang.invoke.DirectMethodHandle$Holder.invokeStatic(java.lang.Object, java.lang.Object, int)'> (0x00000000fefb57b0) 
thrown [s\open\src\hotspot\share\interpreter\linkResolver.cpp, line 759]
Event: 0.589 Thread 0x000001b9483550b0 Exception <a 'java/lang/NoSuchMethodError'{0x00000000fefc14a0}: 'void java.lang.invoke.DelegatingMethodHandle$Holder.delegate(java.lang.Object, java.lang.Object, int, java.lang.Object)'> (0x00000000fefc14a0) 
thrown [s\open\src\hotspot\share\interpreter\linkResolver.cpp, line 759]
Event: 0.593 Thread 0x000001b9483550b0 Exception <a 'java/lang/NoSuchMethodError'{0x00000000fefd4ae8}: 'java.lang.Object java.lang.invoke.Invokers$Holder.invokeExact_MT(java.lang.Object, java.lang.Object, java.lang.Object, java.lang.Object)'> (0x00000000fefd4ae8) 
thrown [s\open\src\hotspot\share\interpreter\linkResolver.cpp, line 759]
Event: 0.596 Thread 0x000001b9483550b0 Exception <a 'java/lang/NoSuchMethodError'{0x00000000feff8550}: 'java.lang.Object java.lang.invoke.DirectMethodHandle$Holder.invokeVirtual(java.lang.Object, java.lang.Object, java.lang.Object)'> (0x00000000feff8550) 
thrown [s\open\src\hotspot\share\interpreter\linkResolver.cpp, line 759]
Event: 0.669 Thread 0x000001b9483550b0 Exception <a 'java/lang/NoSuchMethodError'{0x00000000fea0bff8}: 'java.lang.Object java.lang.invoke.DirectMethodHandle$Holder.newInvokeSpecial(java.lang.Object, java.lang.Object, java.lang.Object, java.lang.Object, java.lang.Object)'> (0x00000000fea0bff8) 
thrown [s\open\src\hotspot\share\interpreter\linkResolver.cpp, line 759]
Event: 0.689 Thread 0x000001b9483550b0 Exception <a 'java/lang/NoSuchMethodError'{0x00000000fe93b1a0}: 'void java.lang.invoke.DirectMethodHandle$Holder.invokeSpecial(java.lang.Object, java.lang.Object, java.lang.Object)'> (0x00000000fe93b1a0) 
thrown [s\open\src\hotspot\share\interpreter\linkResolver.cpp, line 759]
Event: 0.809 Thread 0x000001b9483550b0 Exception <a 'java/lang/NoSuchMethodError'{0x00000000fe557e98}: 'void java.lang.invoke.DirectMethodHandle$Holder.invokeStatic(java.lang.Object, java.lang.Object, java.lang.Object)'> (0x00000000fe557e98) 
thrown [s\open\src\hotspot\share\interpreter\linkResolver.cpp, line 759]
Event: 0.842 Thread 0x000001b9483550b0 Exception <a 'java/lang/NoSuchMethodError'{0x00000000fe2733a8}: 'java.lang.Object java.lang.invoke.DirectMethodHandle$Holder.newInvokeSpecial(java.lang.Object, java.lang.Object, java.lang.Object, java.lang.Object, java.lang.Object, java.lang.Object, java.lang.Object, java.lang.Object, java.lang.Object, java.lang.Object, java.lang.Object, java.lang.Object, java.lang.Object, java.lang.Object, java.lang.Object, java.lang.Object, java.lang.Object, java.lang.Object, java.lang.Object, java.lang.Object, java.lang
Event: 0.843 Thread 0x000001b9483550b0 Exception <a 'java/lang/NoSuchMethodError'{0x00000000fe27f9b0}: 'java.lang.Object java.lang.invoke.Invokers$Holder.linkToTargetMethod(java.lang.Object, java.lang.Object, java.lang.Object, java.lang.Object, java.lang.Object, java.lang.Object, java.lang.Object, java.lang.Object, java.lang.Object, java.lang.Object, java.lang.Object, java.lang.Object, java.lang.Object, java.lang.Object, java.lang.Object, java.lang.Object, java.lang.Object, java.lang.Object, java.lang.Object, java.lang.Object, java.lang.Object,
Event: 0.870 Thread 0x000001b9483550b0 Exception <a 'java/lang/NoSuchMethodError'{0x00000000fe0e1640}: 'java.lang.Object java.lang.invoke.DirectMethodHandle$Holder.invokeStaticInit(java.lang.Object, int, int, int, int)'> (0x00000000fe0e1640) 
thrown [s\open\src\hotspot\share\interpreter\linkResolver.cpp, line 759]
Event: 0.900 Thread 0x000001b9483550b0 Exception <a 'java/lang/NoSuchMethodError'{0x00000000fff2ac18}: 'java.lang.Object java.lang.invoke.DirectMethodHandle$Holder.invokeStaticInit(java.lang.Object, java.lang.Object, int, int, int, int)'> (0x00000000fff2ac18) 
thrown [s\open\src\hotspot\share\interpreter\linkResolver.cpp, line 759]
Event: 0.918 Thread 0x000001b9483550b0 Implicit null exception at 0x000001b95909bdf2 to 0x000001b95909c3c8

VM Operations (20 events):
Event: 159.068 Executing VM operation: Cleanup
Event: 159.069 Executing VM operation: Cleanup done
Event: 160.075 Executing VM operation: Cleanup
Event: 160.075 Executing VM operation: Cleanup done
Event: 161.076 Executing VM operation: Cleanup
Event: 161.076 Executing VM operation: Cleanup done
Event: 168.150 Executing VM operation: Cleanup
Event: 168.151 Executing VM operation: Cleanup done
Event: 170.158 Executing VM operation: Cleanup
Event: 170.158 Executing VM operation: Cleanup done
Event: 172.165 Executing VM operation: Cleanup
Event: 172.165 Executing VM operation: Cleanup done
Event: 177.216 Executing VM operation: Cleanup
Event: 177.216 Executing VM operation: Cleanup done
Event: 178.219 Executing VM operation: Cleanup
Event: 178.219 Executing VM operation: Cleanup done
Event: 179.220 Executing VM operation: Cleanup
Event: 179.221 Executing VM operation: Cleanup done
Event: 180.390 Executing VM operation: HandshakeAllThreads
Event: 180.390 Executing VM operation: HandshakeAllThreads done

Events (20 events):
Event: 39.018 loading class jdk/internal/logger/LazyLoggers$LazyLoggerFactories
Event: 39.018 loading class jdk/internal/logger/LazyLoggers$LazyLoggerFactories done
Event: 39.018 loading class jdk/internal/logger/LoggerFinderLoader
Event: 39.018 loading class jdk/internal/logger/LoggerFinderLoader done
Event: 39.018 loading class jdk/internal/logger/LoggerFinderLoader$TemporaryLoggerFinder
Event: 39.018 loading class jdk/internal/logger/LoggerFinderLoader$TemporaryLoggerFinder done
Event: 39.019 loading class sun/util/logging/internal/LoggingProviderImpl$JULWrapper
Event: 39.019 loading class sun/util/logging/PlatformLogger$ConfigurableBridge$LoggerConfiguration
Event: 39.019 loading class sun/util/logging/PlatformLogger$ConfigurableBridge$LoggerConfiguration done
Event: 39.019 loading class sun/util/logging/internal/LoggingProviderImpl$JULWrapper done
Event: 39.019 loading class java/io/ObjectInputFilter
Event: 39.019 loading class java/io/ObjectInputFilter done
Event: 39.019 loading class java/io/ObjectInputFilter$Config$BuiltinFilterFactory
Event: 39.019 loading class java/io/ObjectInputFilter$Config$BuiltinFilterFactory done
Event: 39.019 loading class jdk/internal/access/JavaObjectInputFilterAccess
Event: 39.019 loading class jdk/internal/access/JavaObjectInputFilterAccess done
Event: 39.019 loading class java/lang/System$Logger$Level
Event: 39.019 loading class java/lang/System$Logger$Level done
Event: 39.019 loading class java/io/Bits
Event: 39.020 loading class java/io/Bits done


Dynamic libraries:
0x00007ff775b70000 - 0x00007ff775b80000 	C:\Program Files\Java\jdk-17\bin\java.exe
0x00007fffb3380000 - 0x00007fffb35e8000 	C:\WINDOWS\SYSTEM32\ntdll.dll
0x00007fffb29d0000 - 0x00007fffb2a99000 	C:\WINDOWS\System32\KERNEL32.DLL
0x00007fffb0710000 - 0x00007fffb0b08000 	C:\WINDOWS\System32\KERNELBASE.dll
0x00007fffb0ea0000 - 0x00007fffb0feb000 	C:\WINDOWS\System32\ucrtbase.dll
0x00007fff94850000 - 0x00007fff94869000 	C:\Program Files\Java\jdk-17\bin\jli.dll
0x00007fff94410000 - 0x00007fff9442b000 	C:\Program Files\Java\jdk-17\bin\VCRUNTIME140.dll
0x00007fffb3110000 - 0x00007fffb31c4000 	C:\WINDOWS\System32\ADVAPI32.dll
0x00007fffb2fb0000 - 0x00007fffb3059000 	C:\WINDOWS\System32\msvcrt.dll
0x00007fffb3060000 - 0x00007fffb3106000 	C:\WINDOWS\System32\sechost.dll
0x00007fffb2ca0000 - 0x00007fffb2db8000 	C:\WINDOWS\System32\RPCRT4.dll
0x00007fffb2770000 - 0x00007fffb2937000 	C:\WINDOWS\System32\USER32.dll
0x00007fffb0e70000 - 0x00007fffb0e97000 	C:\WINDOWS\System32\win32u.dll
0x00007fff8a730000 - 0x00007fff8a9c4000 	C:\WINDOWS\WinSxS\amd64_microsoft.windows.common-controls_6595b64144ccf1df_6.0.26100.7019_none_3e06ffa0e335b8a8\COMCTL32.dll
0x00007fffb2650000 - 0x00007fffb267b000 	C:\WINDOWS\System32\GDI32.dll
0x00007fffb0ff0000 - 0x00007fffb111c000 	C:\WINDOWS\System32\gdi32full.dll
0x00007fffb0d30000 - 0x00007fffb0dd3000 	C:\WINDOWS\System32\msvcp_win.dll
0x00007fff9dd70000 - 0x00007fff9dd7b000 	C:\WINDOWS\SYSTEM32\VERSION.dll
0x00007fffb2180000 - 0x00007fffb21b1000 	C:\WINDOWS\System32\IMM32.DLL
0x00007fff9cc20000 - 0x00007fff9cc2c000 	C:\Program Files\Java\jdk-17\bin\vcruntime140_1.dll
0x00007fff52600000 - 0x00007fff5268e000 	C:\Program Files\Java\jdk-17\bin\msvcp140.dll
0x00007ffef8550000 - 0x00007ffef912f000 	C:\Program Files\Java\jdk-17\bin\server\jvm.dll
0x00007fffb2c90000 - 0x00007fffb2c98000 	C:\WINDOWS\System32\PSAPI.DLL
0x00007fff749e0000 - 0x00007fff749ea000 	C:\WINDOWS\SYSTEM32\WSOCK32.dll
0x00007fffa5610000 - 0x00007fffa5645000 	C:\WINDOWS\SYSTEM32\WINMM.dll
0x00007fffb1680000 - 0x00007fffb16f4000 	C:\WINDOWS\System32\WS2_32.dll
0x00007fffaf290000 - 0x00007fffaf2ab000 	C:\WINDOWS\SYSTEM32\kernel.appcore.dll
0x00007fff9cb30000 - 0x00007fff9cb3a000 	C:\Program Files\Java\jdk-17\bin\jimage.dll
0x00007fffad720000 - 0x00007fffad962000 	C:\WINDOWS\SYSTEM32\DBGHELP.DLL
0x00007fffb21c0000 - 0x00007fffb254b000 	C:\WINDOWS\System32\combase.dll
0x00007fffb2690000 - 0x00007fffb2767000 	C:\WINDOWS\System32\OLEAUT32.dll
0x00007fff982a0000 - 0x00007fff982dc000 	C:\WINDOWS\SYSTEM32\dbgcore.DLL
0x00007fffb0b10000 - 0x00007fffb0bb5000 	C:\WINDOWS\System32\bcryptPrimitives.dll
0x00007fff76b20000 - 0x00007fff76b45000 	C:\Program Files\Java\jdk-17\bin\java.dll
0x00007fff39380000 - 0x00007fff39457000 	C:\Program Files\Java\jdk-17\bin\jsvml.dll
0x00007fffb19a0000 - 0x00007fffb20ef000 	C:\WINDOWS\System32\SHELL32.dll
0x00007fffb0bc0000 - 0x00007fffb0d2b000 	C:\WINDOWS\System32\wintypes.dll
0x00007fffae0d0000 - 0x00007fffae92d000 	C:\WINDOWS\SYSTEM32\windows.storage.dll
0x00007fffb2aa0000 - 0x00007fffb2b92000 	C:\WINDOWS\System32\SHCORE.dll
0x00007fffb2ba0000 - 0x00007fffb2c07000 	C:\WINDOWS\System32\shlwapi.dll
0x00007fffb03f0000 - 0x00007fffb0419000 	C:\WINDOWS\SYSTEM32\profapi.dll
0x00007fff8a040000 - 0x00007fff8a059000 	C:\Program Files\Java\jdk-17\bin\net.dll
0x00007fff9f2b0000 - 0x00007fff9f3d8000 	C:\WINDOWS\SYSTEM32\WINHTTP.dll
0x00007fffaf800000 - 0x00007fffaf86b000 	C:\WINDOWS\system32\mswsock.dll
0x00007fff77f30000 - 0x00007fff77f46000 	C:\Program Files\Java\jdk-17\bin\nio.dll
0x00007fff76ae0000 - 0x00007fff76af8000 	C:\Program Files\Java\jdk-17\bin\zip.dll
0x00007fff94840000 - 0x00007fff94850000 	C:\Program Files\Java\jdk-17\bin\verify.dll
0x00007fff944c0000 - 0x00007fff944ca000 	C:\Program Files\Java\jdk-17\bin\management.dll
0x00007fff93820000 - 0x00007fff9382b000 	C:\Program Files\Java\jdk-17\bin\management_ext.dll
0x00007fff0a5b0000 - 0x00007fff0a5d7000 	C:\Users\aravi\.gradle\native\1def1411415f61bf3af743bc5b6707747c0891f09f0c88961ee8f79bc544acac\windows-amd64\native-platform.dll
0x00007fffa86e0000 - 0x00007fffa86ea000 	C:\Users\aravi\.gradle\native\jansi\1.18\windows64\jansi.dll
0x00007fffaedd0000 - 0x00007fffaee04000 	C:\WINDOWS\SYSTEM32\IPHLPAPI.DLL
0x00007fffb1120000 - 0x00007fffb112a000 	C:\WINDOWS\System32\NSI.dll
0x00007fffa6e00000 - 0x00007fffa6e1e000 	C:\WINDOWS\SYSTEM32\dhcpcsvc6.DLL
0x00007fffa6dd0000 - 0x00007fffa6df3000 	C:\WINDOWS\SYSTEM32\dhcpcsvc.DLL
0x00007fffaee10000 - 0x00007fffaef3c000 	C:\WINDOWS\SYSTEM32\DNSAPI.dll
0x00007fffafac0000 - 0x00007fffafadb000 	C:\WINDOWS\SYSTEM32\CRYPTSP.dll
0x00007fffaf1f0000 - 0x00007fffaf22a000 	C:\WINDOWS\system32\rsaenh.dll
0x00007fffaf8b0000 - 0x00007fffaf8db000 	C:\WINDOWS\SYSTEM32\USERENV.dll
0x00007fffb03c0000 - 0x00007fffb03ea000 	C:\WINDOWS\SYSTEM32\bcrypt.dll
0x00007fffafae0000 - 0x00007fffafaec000 	C:\WINDOWS\SYSTEM32\CRYPTBASE.dll
0x00007fff71e20000 - 0x00007fff71e2e000 	C:\Program Files\Java\jdk-17\bin\sunmscapi.dll
0x00007fffb0590000 - 0x00007fffb0707000 	C:\WINDOWS\System32\CRYPT32.dll
0x00007fffafce0000 - 0x00007fffafd10000 	C:\WINDOWS\SYSTEM32\ncrypt.dll
0x00007fffafc90000 - 0x00007fffafccf000 	C:\WINDOWS\SYSTEM32\NTASN1.dll
0x00007fff6c6d0000 - 0x00007fff6c6d8000 	C:\WINDOWS\system32\wshunix.dll

dbghelp: loaded successfully - version: 4.0.5 - missing functions: none
symbol engine: initialized successfully - sym options: 0x614 - pdb path: .;C:\Program Files\Java\jdk-17\bin;C:\WINDOWS\SYSTEM32;C:\WINDOWS\WinSxS\amd64_microsoft.windows.common-controls_6595b64144ccf1df_6.0.26100.7019_none_3e06ffa0e335b8a8;C:\Program Files\Java\jdk-17\bin\server;C:\Users\aravi\.gradle\native\1def1411415f61bf3af743bc5b6707747c0891f09f0c88961ee8f79bc544acac\windows-amd64;C:\Users\aravi\.gradle\native\jansi\1.18\windows64

VM Arguments:
jvm_args: -Xmx64m -Xms64m -Dorg.gradle.appname=gradlew 
java_command: E:\Appointza\version1\AppointzaAdmin\android\\gradle\wrapper\gradle-wrapper.jar assembleRelease
java_class_path (initial): E:\Appointza\version1\AppointzaAdmin\android\\gradle\wrapper\gradle-wrapper.jar
Launcher Type: SUN_STANDARD

[Global flags]
     intx CICompilerCount                          = 4                                         {product} {ergonomic}
     uint ConcGCThreads                            = 3                                         {product} {ergonomic}
     uint G1ConcRefinementThreads                  = 10                                        {product} {ergonomic}
   size_t G1HeapRegionSize                         = 1048576                                   {product} {ergonomic}
    uintx GCDrainStackTargetSize                   = 64                                        {product} {ergonomic}
   size_t InitialHeapSize                          = 67108864                                  {product} {command line}
   size_t MarkStackSize                            = 4194304                                   {product} {ergonomic}
   size_t MaxHeapSize                              = 67108864                                  {product} {command line}
   size_t MaxNewSize                               = 39845888                                  {product} {ergonomic}
   size_t MinHeapDeltaBytes                        = 1048576                                   {product} {ergonomic}
   size_t MinHeapSize                              = 67108864                                  {product} {command line}
    uintx NonNMethodCodeHeapSize                   = 5839372                                {pd product} {ergonomic}
    uintx NonProfiledCodeHeapSize                  = 122909434                              {pd product} {ergonomic}
    uintx ProfiledCodeHeapSize                     = 122909434                              {pd product} {ergonomic}
    uintx ReservedCodeCacheSize                    = 251658240                              {pd product} {ergonomic}
     bool SegmentedCodeCache                       = true                                      {product} {ergonomic}
   size_t SoftMaxHeapSize                          = 67108864                               {manageable} {ergonomic}
     bool UseCompressedClassPointers               = true                           {product lp64_product} {ergonomic}
     bool UseCompressedOops                        = true                           {product lp64_product} {ergonomic}
     bool UseG1GC                                  = true                                      {product} {ergonomic}
     bool UseLargePagesIndividualAllocation        = false                                  {pd product} {ergonomic}

Logging:
Log output configuration:
 #0: stdout all=warning uptime,level,tags
 #1: stderr all=off uptime,level,tags

Environment Variables:
JAVA_HOME=C:\Program Files\Java\jdk-17
PATH=C:\Program Files (x86)\Common Files\Oracle\Java\javapath;C:\Users\aravi\AppData\Local\Android\Sdk\platform-tools;C:\Users\aravi\AppData\Local\Android\Sdk\cmdline-tools\latest\bin;C:\Users\aravi\AppData\Local\Android\Sdk\tools;C:\Users\aravi\AppData\Local\Android\Sdk\tools\bin;C:\Program Files\Common Files\Oracle\Java\javapath;C:\WINDOWS\system32;C:\WINDOWS;C:\WINDOWS\System32\Wbem;C:\WINDOWS\System32\WindowsPowerShell\v1.0\;C:\WINDOWS\System32\OpenSSH\;C:\Program Files\Microsoft SQL Server\150\Tools\Binn\;C:\Program Files\Microsoft SQL Server\Client SDK\ODBC\170\Tools\Binn\;C:\Program Files\dotnet\;C:\Program Files\Git\cmd;C:\Program Files (x86)\Windows Kits\10\Windows Performance Toolkit\;C:\Program Files\Java\jdk-17\bin;C:\Users\aravi\AppData\Roaming\nvm;C:\Program Files\nodejs;C:\Users\aravi\AppData\Local\Android\Sdk;C:\Users\aravi\AppData\Local\Android\Sdk\platform-tools;C:\Program Files\platform-tools;C:\Program Files (x86)\Microsoft SQL Server\160\Tools\Binn\;C:\Program Files\Microsoft SQL Server\160\Tools\Binn\;C:\Program Files\Microsoft SQL Server\160\DTS\B;;c:\Users\aravi\AppData\Local\Programs\cursor\resources\app\bin;C:\Program Files\CMake\bin;C:\Users\aravi\AppData\Local\Android\Sdk\tools;C:\Users\aravi\AppData\Local\Microsoft\WindowsApps;C:\Users\aravi\.dotnet\tools;C:\Program Files\Java\jdk-17;C:\Users\aravi\AppData\Roaming\nvm;C:\Program Files\nodejs;C:\Users\aravi\AppData\Local\Android\Sdk;C:\Users\aravi\AppData\Local\Android\Sdk\platform-tools;C:\Program Files\platform-tools;C:\Program Files (x86)\Nmap;C:\Program Files\JetBrains\PyCharm 2024.3.1.1\bin;;C:\Users\aravi\AppData\Local\GitHubDesktop\bin;C:\Users\aravi\AppData\Local\Programs\Microsoft VS Code\bin;C:\Users\aravi\AppData\Local\Microsoft\WinGet\Packages\Gyan.FFmpeg_Microsoft.Winget.Source_8wekyb3d8bbwe\ffmpeg-7.1.1-full_build\bin;C:\Users\aravi\AppData\Local\Programs\cursor\resources\app\bin;c:\Users\aravi\.cursor\extensions\vscjava.vscode-java-debug-0.58.3-universal\bundled\scripts\noConf
USERNAME=aravi
LANG=en_US.UTF-8
OS=Windows_NT
PROCESSOR_IDENTIFIER=Intel64 Family 6 Model 154 Stepping 3, GenuineIntel



---------------  S Y S T E M  ---------------

OS:
 Windows 11 , 64 bit Build 26100 (10.0.26100.7019)
OS uptime: 2 days 11:50 hours
Hyper-V role detected

CPU: total 12 (initial active 12) (6 cores per cpu, 2 threads per core) family 6 model 154 stepping 3 microcode 0x429, cx8, cmov, fxsr, ht, mmx, 3dnowpref, sse, sse2, sse3, ssse3, sse4.1, sse4.2, popcnt, lzcnt, tsc, tscinvbit, avx, avx2, aes, erms, clmul, bmi1, bmi2, adx, sha, fma, vzeroupper, clflush, clflushopt, clwb, hv

Memory: 4k page, system-wide physical 16076M (2144M free)
TotalPageFile size 28809M (AvailPageFile size 17M)
current process WorkingSet (physical memory assigned to process): 108M, peak: 117M
current process commit charge ("private bytes"): 172M, peak: 181M

vm_info: Java HotSpot(TM) 64-Bit Server VM (17.0.10+11-LTS-240) for windows-amd64 JRE (17.0.10+11-LTS-240), built on Dec 19 2023 21:47:25 by "mach5one" with MS VC++ 17.1 (VS2022)

END.
