#
# There is insufficient memory for the Java Runtime Environment to continue.
# Native memory allocation (malloc) failed to allocate 159296 bytes for Chunk::new
# Possible reasons:
#   The system is out of physical RAM or swap space
#   The process is running with CompressedOops enabled, and the Java Heap may be blocking the growth of the native heap
# Possible solutions:
#   Reduce memory load on the system
#   Increase physical memory or swap space
#   Check if swap backing store is full
#   Decrease Java heap size (-Xmx/-Xms)
#   Decrease number of Java threads
#   Decrease Java thread stack sizes (-Xss)
#   Set larger code cache with -XX:ReservedCodeCacheSize=
#   JVM is running with Zero Based Compressed Oops mode in which the Java heap is
#     placed in the first 32GB address space. The Java Heap base address is the
#     maximum limit for the native heap growth. Please use -XX:HeapBaseMinAddress
#     to set the Java Heap base and to place the Java Heap above 32GB virtual address.
# This output file may be truncated or incomplete.
#
#  Out of Memory Error (arena.cpp:189), pid=22440, tid=24244
#
# JRE version: Java(TM) SE Runtime Environment (17.0.10+11) (build 17.0.10+11-LTS-240)
# Java VM: Java HotSpot(TM) 64-Bit Server VM (17.0.10+11-LTS-240, mixed mode, sharing, tiered, compressed oops, compressed class ptrs, g1 gc, windows-amd64)
# No core dump will be written. Minidumps are not enabled by default on client versions of Windows
#

---------------  S U M M A R Y ------------

Command Line: --add-opens=java.base/java.lang=ALL-UNNAMED --add-opens=java.base/java.lang.invoke=ALL-UNNAMED --add-opens=java.base/java.util=ALL-UNNAMED --add-opens=java.prefs/java.util.prefs=ALL-UNNAMED --add-exports=jdk.compiler/com.sun.tools.javac.api=ALL-UNNAMED --add-exports=jdk.compiler/com.sun.tools.javac.util=ALL-UNNAMED --add-opens=java.base/java.util=ALL-UNNAMED --add-opens=java.prefs/java.util.prefs=ALL-UNNAMED --add-opens=java.base/java.nio.charset=ALL-UNNAMED --add-opens=java.base/java.net=ALL-UNNAMED --add-opens=java.base/java.util.concurrent.atomic=ALL-UNNAMED --add-opens=java.xml/javax.xml.namespace=ALL-UNNAMED -XX:MaxMetaspaceSize=2048m -XX:+HeapDumpOnOutOfMemoryError -XX:+UseG1GC -Xmx6144m -Dfile.encoding=UTF-8 -Duser.country=IN -Duser.language=en -Duser.variant -javaagent:C:\Users\aravi\.gradle\wrapper\dists\gradle-8.14.1-bin\baw1sv0jfoi8rxs14qo3h49cs\gradle-8.14.1\lib\agents\gradle-instrumentation-agent-8.14.1.jar org.gradle.launcher.daemon.bootstrap.GradleDaemon 8.14.1

Host: 12th Gen Intel(R) Core(TM) i5-12450H, 12 cores, 15G,  Windows 11 , 64 bit Build 26100 (10.0.26100.7019)
Time: Sun Nov 23 00:34:27 2025 India Standard Time elapsed time: 119.022890 seconds (0d 0h 1m 59s)

---------------  T H R E A D  ---------------

Current thread (0x00000268de7490a0):  JavaThread "C2 CompilerThread0" daemon [_thread_in_native, id=24244, stack(0x0000008f2ba00000,0x0000008f2bb00000)]


Current CompileTask:
C2: 119023 28623       4       org.gradle.internal.logging.text.AbstractLineChoppingStyledTextOutput$1::execute (9 bytes)

Stack: [0x0000008f2ba00000,0x0000008f2bb00000]
Native frames: (J=compiled Java code, j=interpreted, Vv=VM code, C=native code)
V  [jvm.dll+0x677a5a]
V  [jvm.dll+0x7d8b2d]
V  [jvm.dll+0x7da48e]
V  [jvm.dll+0x7daaf3]
V  [jvm.dll+0x2455ff]
V  [jvm.dll+0xaaafb]
V  [jvm.dll+0xab09c]
V  [jvm.dll+0x361bae]
V  [jvm.dll+0x32c211]
V  [jvm.dll+0x32b6aa]
V  [jvm.dll+0x21794f]
V  [jvm.dll+0x216d81]
V  [jvm.dll+0x1a3410]
V  [jvm.dll+0x226aeb]
V  [jvm.dll+0x224cab]
V  [jvm.dll+0x78e45c]
V  [jvm.dll+0x78888a]
V  [jvm.dll+0x676935]
C  [ucrtbase.dll+0x37b0]
C  [KERNEL32.DLL+0x2e8d7]
C  [ntdll.dll+0x8c53c]


---------------  P R O C E S S  ---------------

Threads class SMR info:
_java_thread_list=0x0000026933f4e7f0, length=211, elements={
0x00000268b53e8a90, 0x00000268de7314a0, 0x00000268de731f70, 0x00000268de744c70,
0x00000268de746550, 0x00000268de746e20, 0x00000268de747e90, 0x00000268de7490a0,
0x00000268de74ba70, 0x00000268de74c990, 0x00000269242166a0, 0x00000269242d1000,
0x0000026926941010, 0x00000269248b17b0, 0x00000269268e95a0, 0x00000269253dfa40,
0x00000269253dff20, 0x00000269268469a0, 0x00000269268482f0, 0x0000026926846eb0,
0x00000269268473c0, 0x0000026926847de0, 0x00000269268478d0, 0x0000026926848800,
0x0000026926848d10, 0x00000269290d1c00, 0x00000269290d3f70, 0x00000269290d4990,
0x00000269290d4480, 0x00000269290d4ea0, 0x00000269290d2110, 0x00000269290d16f0,
0x00000269290d2b30, 0x00000269290d58c0, 0x00000269290d6d00, 0x00000269290d62e0,
0x00000269290d8140, 0x00000269290d8650, 0x00000269290d7210, 0x00000269290d8b60,
0x00000269290d67f0, 0x00000269290d9070, 0x00000269269c9f90, 0x00000269269ca9b0,
0x00000269269c9060, 0x00000269269ca4a0, 0x00000269269caec0, 0x00000269269cbdf0,
0x00000269269cb3d0, 0x00000269269cb8e0, 0x00000269269cc300, 0x00000269269cc810,
0x00000269269ccd20, 0x00000269269c9570, 0x00000269269cd230, 0x00000269269c9a80,
0x00000269269cd740, 0x00000269269cfab0, 0x00000269269cffc0, 0x00000269269cdc50,
0x00000269269d04d0, 0x00000269269d09e0, 0x00000269269ceb80, 0x00000269269ce160,
0x00000269269ce670, 0x00000269269cf090, 0x00000269269cf5a0, 0x00000269289583f0,
0x0000026928956fb0, 0x0000026928956590, 0x0000026928958e10, 0x00000269289574c0,
0x00000269289579d0, 0x0000026928956aa0, 0x0000026928958900, 0x0000026928959830,
0x000002692895b180, 0x000002692895cfe0, 0x000002692895d4f0, 0x000002692895c5c0,
0x000002692895bba0, 0x000002692895b690, 0x000002692895da00, 0x000002692895c0b0,
0x000002692895a250, 0x0000026927de98e0, 0x0000026927de7f90, 0x0000026927dea810,
0x0000026927de9df0, 0x0000026927de7060, 0x0000026927de7570, 0x0000026927de84a0,
0x0000026927de89b0, 0x0000026925496df0, 0x0000026925497300, 0x0000026925494570,
0x0000026925497810, 0x00000269254968e0, 0x0000026925494060, 0x0000026925495ec0,
0x0000026925494a80, 0x0000026925494f90, 0x00000269254954a0, 0x00000269254959b0,
0x00000269254963d0, 0x000002692ab02df0, 0x000002692ab03810, 0x000002692ab00570,
0x000002692ab019b0, 0x000002692ab014a0, 0x000002692ab00060, 0x000002692ab03d20,
0x000002692ab00f90, 0x000002692ab01ec0, 0x000002692ab00a80, 0x000002692ab05670,
0x000002692ab05b80, 0x000002692ab023d0, 0x000002692ab04740, 0x000002692ab04230,
0x000002692ab04c50, 0x000002692ab05160, 0x000002692ab06090, 0x000002692ab03300,
0x000002692ab028e0, 0x000002692ab065a0, 0x000002692ab06ab0, 0x000002692ab079e0,
0x000002692ab06fc0, 0x0000026927d4b5a0, 0x0000026927d4d400, 0x0000026927d4d910,
0x0000026927d4de20, 0x0000026927d4e330, 0x0000026927d4c9e0, 0x0000026927d4e840,
0x0000026927d4ed50, 0x0000026927d4f260, 0x0000026927d4bab0, 0x0000026927d4f770,
0x0000026927d4bfc0, 0x0000026927d4fc80, 0x0000026927d4c4d0, 0x0000026927d4cef0,
0x0000026927d51ff0, 0x0000026927d52500, 0x0000026927d52a10, 0x0000026927d52f20,
0x0000026927d51ae0, 0x0000026927d50190, 0x0000026927d506a0, 0x0000026927d50bb0,
0x0000026927d510c0, 0x0000026927f3dcf0, 0x0000026927f3e200, 0x0000026927f3f640,
0x0000026927f3d2d0, 0x0000026927f3e710, 0x0000026927f3cdc0, 0x0000026927f3fb50,
0x0000026927f40060, 0x0000026927f40570, 0x0000026927f40f90, 0x0000026927f3f130,
0x0000026927f3d7e0, 0x0000026927f41ec0, 0x0000026927f3ec20, 0x0000026927f414a0,
0x0000026927f42df0, 0x0000026927f44230, 0x0000026927f419b0, 0x0000026927f43300,
0x0000026927f43d20, 0x0000026927f428e0, 0x0000026927f423d0, 0x0000026925a2dbf0,
0x0000026925a2a440, 0x0000026925a2a950, 0x0000026925a2b880, 0x0000026925a2bd90,
0x0000026925a2c7b0, 0x0000026925a2d6e0, 0x0000026925a2d1d0, 0x0000026925a2e100,
0x0000026925a2eb20, 0x0000026925a30980, 0x0000026925a318b0, 0x000002692aa12820,
0x000002692aa14170, 0x000002692aa12310, 0x000002692aa12d30, 0x000002692aa14b90,
0x000002692aa13750, 0x000002692aa164e0, 0x000002692aa19270, 0x000002692aa17920,
0x000002692aa1a1a0, 0x000002692aa201d0, 0x000002692895ac70, 0x0000026928957ee0,
0x0000026928959320, 0x00000269290d2620, 0x00000269290d3550, 0x00000269290d7c30,
0x0000026925a2e610, 0x0000026925a2b370, 0x0000026927f43810, 0x000002692684a150,
0x00000269313aaf50, 0x00000269313ab460, 0x00000269313abe80
}

Java Threads: ( => current thread )
  0x00000268b53e8a90 JavaThread "main" [_thread_blocked, id=13424, stack(0x0000008f2ad00000,0x0000008f2ae00000)]
  0x00000268de7314a0 JavaThread "Reference Handler" daemon [_thread_blocked, id=22760, stack(0x0000008f2b400000,0x0000008f2b500000)]
  0x00000268de731f70 JavaThread "Finalizer" daemon [_thread_blocked, id=5900, stack(0x0000008f2b500000,0x0000008f2b600000)]
  0x00000268de744c70 JavaThread "Signal Dispatcher" daemon [_thread_blocked, id=15300, stack(0x0000008f2b600000,0x0000008f2b700000)]
  0x00000268de746550 JavaThread "Attach Listener" daemon [_thread_blocked, id=29748, stack(0x0000008f2b700000,0x0000008f2b800000)]
  0x00000268de746e20 JavaThread "Service Thread" daemon [_thread_blocked, id=6104, stack(0x0000008f2b800000,0x0000008f2b900000)]
  0x00000268de747e90 JavaThread "Monitor Deflation Thread" daemon [_thread_blocked, id=23164, stack(0x0000008f2b900000,0x0000008f2ba00000)]
=>0x00000268de7490a0 JavaThread "C2 CompilerThread0" daemon [_thread_in_native, id=24244, stack(0x0000008f2ba00000,0x0000008f2bb00000)]
  0x00000268de74ba70 JavaThread "C1 CompilerThread0" daemon [_thread_blocked, id=18032, stack(0x0000008f2bb00000,0x0000008f2bc00000)]
  0x00000268de74c990 JavaThread "Sweeper thread" daemon [_thread_blocked, id=21512, stack(0x0000008f2bc00000,0x0000008f2bd00000)]
  0x00000269242166a0 JavaThread "Common-Cleaner" daemon [_thread_blocked, id=23692, stack(0x0000008f2bd00000,0x0000008f2be00000)]
  0x00000269242d1000 JavaThread "Notification Thread" daemon [_thread_blocked, id=10096, stack(0x0000008f2be00000,0x0000008f2bf00000)]
  0x0000026926941010 JavaThread "Daemon health stats" [_thread_blocked, id=11584, stack(0x0000008f2c700000,0x0000008f2c800000)]
  0x00000269248b17b0 JavaThread "Incoming local TCP Connector on port 18138" [_thread_in_native, id=27576, stack(0x0000008f2c800000,0x0000008f2c900000)]
  0x00000269268e95a0 JavaThread "Daemon periodic checks" [_thread_blocked, id=27144, stack(0x0000008f2cd00000,0x0000008f2ce00000)]
  0x00000269253dfa40 JavaThread "Daemon" [_thread_blocked, id=23588, stack(0x0000008f2ce00000,0x0000008f2cf00000)]
  0x00000269253dff20 JavaThread "Handler for socket connection from /127.0.0.1:18138 to /127.0.0.1:18140" [_thread_in_native, id=13360, stack(0x0000008f2cf00000,0x0000008f2d000000)]
  0x00000269268469a0 JavaThread "Cancel handler" [_thread_blocked, id=19608, stack(0x0000008f2d000000,0x0000008f2d100000)]
  0x00000269268482f0 JavaThread "Daemon worker" [_thread_blocked, id=22132, stack(0x0000008f2d100000,0x0000008f2d200000)]
  0x0000026926846eb0 JavaThread "Asynchronous log dispatcher for DefaultDaemonConnection: socket connection from /127.0.0.1:18138 to /127.0.0.1:18140" [_thread_blocked, id=18712, stack(0x0000008f2d200000,0x0000008f2d300000)]
  0x00000269268473c0 JavaThread "Stdin handler" [_thread_blocked, id=23784, stack(0x0000008f2d300000,0x0000008f2d400000)]
  0x0000026926847de0 JavaThread "Daemon client event forwarder" [_thread_blocked, id=7764, stack(0x0000008f2d400000,0x0000008f2d500000)]
  0x00000269268478d0 JavaThread "Cache worker for journal cache (C:\Users\aravi\.gradle\caches\journal-1)" [_thread_blocked, id=23320, stack(0x0000008f2d500000,0x0000008f2d600000)]
  0x0000026926848800 JavaThread "File lock request listener" [_thread_in_native, id=17392, stack(0x0000008f2d600000,0x0000008f2d700000)]
  0x0000026926848d10 JavaThread "Cache worker for file hash cache (C:\Users\aravi\.gradle\caches\8.14.1\fileHashes)" [_thread_blocked, id=6732, stack(0x0000008f2d700000,0x0000008f2d800000)]
  0x00000269290d1c00 JavaThread "Cache worker for file hash cache (E:\Appointza\version1\AppointzaAdmin\android\.gradle\8.14.1\fileHashes)" [_thread_blocked, id=20436, stack(0x0000008f2d800000,0x0000008f2d900000)]
  0x00000269290d3f70 JavaThread "Cache worker for Build Output Cleanup Cache (E:\Appointza\version1\AppointzaAdmin\android\.gradle\buildOutputCleanup)" [_thread_blocked, id=14676, stack(0x0000008f2d900000,0x0000008f2da00000)]
  0x00000269290d4990 JavaThread "File watcher server" daemon [_thread_in_native, id=4988, stack(0x0000008f2dc00000,0x0000008f2dd00000)]
  0x00000269290d4480 JavaThread "File watcher consumer" daemon [_thread_blocked, id=30676, stack(0x0000008f2dd00000,0x0000008f2de00000)]
  0x00000269290d4ea0 JavaThread "jar transforms" [_thread_blocked, id=23504, stack(0x0000008f2e100000,0x0000008f2e200000)]
  0x00000269290d2110 JavaThread "Cache worker for checksums cache (E:\Appointza\version1\AppointzaAdmin\android\.gradle\8.14.1\checksums)" [_thread_blocked, id=21952, stack(0x0000008f2e200000,0x0000008f2e300000)]
  0x00000269290d16f0 JavaThread "Cache worker for file content cache (C:\Users\aravi\.gradle\caches\8.14.1\fileContent)" [_thread_blocked, id=10868, stack(0x0000008f2e300000,0x0000008f2e400000)]
  0x00000269290d2b30 JavaThread "Cache worker for cache directory md-supplier (C:\Users\aravi\.gradle\caches\8.14.1\md-supplier)" [_thread_blocked, id=31700, stack(0x0000008f2e400000,0x0000008f2e500000)]
  0x00000269290d58c0 JavaThread "Cache worker for cache directory md-rule (C:\Users\aravi\.gradle\caches\8.14.1\md-rule)" [_thread_blocked, id=31136, stack(0x0000008f2e500000,0x0000008f2e600000)]
  0x00000269290d6d00 JavaThread "Cache worker for Build Output Cleanup Cache (E:\Appointza\version1\AppointzaAdmin\node_modules\@react-native\gradle-plugin\.gradle\buildOutputCleanup)" [_thread_blocked, id=15268, stack(0x0000008f2e600000,0x0000008f2e700000)]
  0x00000269290d62e0 JavaThread "Unconstrained build operations" [_thread_blocked, id=22524, stack(0x0000008f2e700000,0x0000008f2e800000)]
  0x00000269290d8140 JavaThread "Unconstrained build operations Thread 2" [_thread_blocked, id=31208, stack(0x0000008f2e800000,0x0000008f2e900000)]
  0x00000269290d8650 JavaThread "Unconstrained build operations Thread 3" [_thread_blocked, id=22964, stack(0x0000008f2e900000,0x0000008f2ea00000)]
  0x00000269290d7210 JavaThread "Unconstrained build operations Thread 4" [_thread_blocked, id=21336, stack(0x0000008f2ea00000,0x0000008f2eb00000)]
  0x00000269290d8b60 JavaThread "Unconstrained build operations Thread 5" [_thread_blocked, id=29808, stack(0x0000008f2eb00000,0x0000008f2ec00000)]
  0x00000269290d67f0 JavaThread "Unconstrained build operations Thread 6" [_thread_blocked, id=23448, stack(0x0000008f2ec00000,0x0000008f2ed00000)]
  0x00000269290d9070 JavaThread "Unconstrained build operations Thread 7" [_thread_blocked, id=5540, stack(0x0000008f2c600000,0x0000008f2c700000)]
  0x00000269269c9f90 JavaThread "Unconstrained build operations Thread 8" [_thread_blocked, id=4288, stack(0x0000008f2ed00000,0x0000008f2ee00000)]
  0x00000269269ca9b0 JavaThread "Unconstrained build operations Thread 9" [_thread_blocked, id=30208, stack(0x0000008f2ee00000,0x0000008f2ef00000)]
  0x00000269269c9060 JavaThread "Unconstrained build operations Thread 10" [_thread_blocked, id=356, stack(0x0000008f2ef00000,0x0000008f2f000000)]
  0x00000269269ca4a0 JavaThread "Unconstrained build operations Thread 11" [_thread_blocked, id=14400, stack(0x0000008f2f000000,0x0000008f2f100000)]
  0x00000269269caec0 JavaThread "Unconstrained build operations Thread 12" [_thread_blocked, id=31328, stack(0x0000008f2f100000,0x0000008f2f200000)]
  0x00000269269cbdf0 JavaThread "Unconstrained build operations Thread 13" [_thread_blocked, id=4336, stack(0x0000008f2f200000,0x0000008f2f300000)]
  0x00000269269cb3d0 JavaThread "Unconstrained build operations Thread 14" [_thread_blocked, id=28224, stack(0x0000008f2f300000,0x0000008f2f400000)]
  0x00000269269cb8e0 JavaThread "Unconstrained build operations Thread 15" [_thread_blocked, id=872, stack(0x0000008f2f400000,0x0000008f2f500000)]
  0x00000269269cc300 JavaThread "Unconstrained build operations Thread 16" [_thread_blocked, id=23000, stack(0x0000008f2f500000,0x0000008f2f600000)]
  0x00000269269cc810 JavaThread "Unconstrained build operations Thread 17" [_thread_blocked, id=22904, stack(0x0000008f2f600000,0x0000008f2f700000)]
  0x00000269269ccd20 JavaThread "Unconstrained build operations Thread 18" [_thread_blocked, id=22960, stack(0x0000008f2f700000,0x0000008f2f800000)]
  0x00000269269c9570 JavaThread "Unconstrained build operations Thread 19" [_thread_blocked, id=16052, stack(0x0000008f2f800000,0x0000008f2f900000)]
  0x00000269269cd230 JavaThread "Unconstrained build operations Thread 20" [_thread_blocked, id=13824, stack(0x0000008f2f900000,0x0000008f2fa00000)]
  0x00000269269c9a80 JavaThread "Unconstrained build operations Thread 21" [_thread_blocked, id=15536, stack(0x0000008f2fa00000,0x0000008f2fb00000)]
  0x00000269269cd740 JavaThread "Unconstrained build operations Thread 22" [_thread_blocked, id=3796, stack(0x0000008f2fb00000,0x0000008f2fc00000)]
  0x00000269269cfab0 JavaThread "Unconstrained build operations Thread 23" [_thread_blocked, id=14700, stack(0x0000008f2fc00000,0x0000008f2fd00000)]
  0x00000269269cffc0 JavaThread "Unconstrained build operations Thread 24" [_thread_blocked, id=15084, stack(0x0000008f2fd00000,0x0000008f2fe00000)]
  0x00000269269cdc50 JavaThread "Unconstrained build operations Thread 25" [_thread_blocked, id=30420, stack(0x0000008f2fe00000,0x0000008f2ff00000)]
  0x00000269269d04d0 JavaThread "Unconstrained build operations Thread 26" [_thread_blocked, id=5568, stack(0x0000008f2ff00000,0x0000008f30000000)]
  0x00000269269d09e0 JavaThread "Unconstrained build operations Thread 27" [_thread_blocked, id=28064, stack(0x0000008f30000000,0x0000008f30100000)]
  0x00000269269ceb80 JavaThread "Unconstrained build operations Thread 28" [_thread_blocked, id=15248, stack(0x0000008f30100000,0x0000008f30200000)]
  0x00000269269ce160 JavaThread "Unconstrained build operations Thread 29" [_thread_blocked, id=31104, stack(0x0000008f30200000,0x0000008f30300000)]
  0x00000269269ce670 JavaThread "Unconstrained build operations Thread 30" [_thread_blocked, id=24288, stack(0x0000008f30300000,0x0000008f30400000)]
  0x00000269269cf090 JavaThread "Unconstrained build operations Thread 31" [_thread_blocked, id=21136, stack(0x0000008f30400000,0x0000008f30500000)]
  0x00000269269cf5a0 JavaThread "Unconstrained build operations Thread 32" [_thread_blocked, id=21068, stack(0x0000008f30500000,0x0000008f30600000)]
  0x00000269289583f0 JavaThread "Unconstrained build operations Thread 33" [_thread_blocked, id=30820, stack(0x0000008f30600000,0x0000008f30700000)]
  0x0000026928956fb0 JavaThread "Unconstrained build operations Thread 34" [_thread_blocked, id=28880, stack(0x0000008f30700000,0x0000008f30800000)]
  0x0000026928956590 JavaThread "Unconstrained build operations Thread 35" [_thread_blocked, id=19400, stack(0x0000008f30800000,0x0000008f30900000)]
  0x0000026928958e10 JavaThread "Unconstrained build operations Thread 36" [_thread_blocked, id=10248, stack(0x0000008f30900000,0x0000008f30a00000)]
  0x00000269289574c0 JavaThread "Unconstrained build operations Thread 37" [_thread_blocked, id=1824, stack(0x0000008f30a00000,0x0000008f30b00000)]
  0x00000269289579d0 JavaThread "Unconstrained build operations Thread 38" [_thread_blocked, id=18844, stack(0x0000008f30b00000,0x0000008f30c00000)]
  0x0000026928956aa0 JavaThread "Unconstrained build operations Thread 39" [_thread_blocked, id=12136, stack(0x0000008f30c00000,0x0000008f30d00000)]
  0x0000026928958900 JavaThread "build event listener" [_thread_blocked, id=1500, stack(0x0000008f30e00000,0x0000008f30f00000)]
  0x0000026928959830 JavaThread "Memory manager" [_thread_blocked, id=27592, stack(0x0000008f30f00000,0x0000008f31000000)]
  0x000002692895b180 JavaThread "ForkJoinPool.commonPool-worker-1" daemon [_thread_blocked, id=15456, stack(0x0000008f31000000,0x0000008f31100000)]
  0x000002692895cfe0 JavaThread "ForkJoinPool.commonPool-worker-2" daemon [_thread_blocked, id=11448, stack(0x0000008f31100000,0x0000008f31200000)]
  0x000002692895d4f0 JavaThread "ForkJoinPool.commonPool-worker-3" daemon [_thread_blocked, id=10384, stack(0x0000008f31200000,0x0000008f31300000)]
  0x000002692895c5c0 JavaThread "ForkJoinPool.commonPool-worker-5" daemon [_thread_blocked, id=17216, stack(0x0000008f31300000,0x0000008f31400000)]
  0x000002692895bba0 JavaThread "ForkJoinPool.commonPool-worker-4" daemon [_thread_blocked, id=17452, stack(0x0000008f31400000,0x0000008f31500000)]
  0x000002692895b690 JavaThread "ForkJoinPool.commonPool-worker-7" daemon [_thread_blocked, id=26804, stack(0x0000008f31600000,0x0000008f31700000)]
  0x000002692895da00 JavaThread "ForkJoinPool.commonPool-worker-8" daemon [_thread_blocked, id=31236, stack(0x0000008f31700000,0x0000008f31800000)]
  0x000002692895c0b0 JavaThread "ForkJoinPool.commonPool-worker-9" daemon [_thread_blocked, id=9476, stack(0x0000008f31800000,0x0000008f31900000)]
  0x000002692895a250 JavaThread "ForkJoinPool.commonPool-worker-10" daemon [_thread_blocked, id=12228, stack(0x0000008f31900000,0x0000008f31a00000)]
  0x0000026927de98e0 JavaThread "ForkJoinPool.commonPool-worker-11" daemon [_thread_blocked, id=12400, stack(0x0000008f31b00000,0x0000008f31c00000)]
  0x0000026927de7f90 JavaThread "included builds" [_thread_blocked, id=25764, stack(0x0000008f30d00000,0x0000008f30e00000)]
  0x0000026927dea810 JavaThread "Execution worker" [_thread_blocked, id=17776, stack(0x0000008f31e00000,0x0000008f31f00000)]
  0x0000026927de9df0 JavaThread "Execution worker Thread 2" [_thread_blocked, id=27876, stack(0x0000008f31f00000,0x0000008f32000000)]
  0x0000026927de7060 JavaThread "Execution worker Thread 3" [_thread_blocked, id=15752, stack(0x0000008f32000000,0x0000008f32100000)]
  0x0000026927de7570 JavaThread "Execution worker Thread 4" [_thread_blocked, id=26896, stack(0x0000008f32100000,0x0000008f32200000)]
  0x0000026927de84a0 JavaThread "Execution worker Thread 5" [_thread_blocked, id=20088, stack(0x0000008f32200000,0x0000008f32300000)]
  0x0000026927de89b0 JavaThread "Execution worker Thread 6" [_thread_blocked, id=31384, stack(0x0000008f32300000,0x0000008f32400000)]
  0x0000026925496df0 JavaThread "Execution worker Thread 7" [_thread_blocked, id=12616, stack(0x0000008f32400000,0x0000008f32500000)]
  0x0000026925497300 JavaThread "Execution worker Thread 8" [_thread_blocked, id=28372, stack(0x0000008f32500000,0x0000008f32600000)]
  0x0000026925494570 JavaThread "Execution worker Thread 9" [_thread_blocked, id=6332, stack(0x0000008f32600000,0x0000008f32700000)]
  0x0000026925497810 JavaThread "Execution worker Thread 10" [_thread_blocked, id=17092, stack(0x0000008f32700000,0x0000008f32800000)]
  0x00000269254968e0 JavaThread "Execution worker Thread 11" [_thread_blocked, id=12104, stack(0x0000008f32800000,0x0000008f32900000)]
  0x0000026925494060 JavaThread "Cache worker for execution history cache (E:\Appointza\version1\AppointzaAdmin\node_modules\@react-native\gradle-plugin\.gradle\8.14.1\executionHistory)" [_thread_blocked, id=21860, stack(0x0000008f32900000,0x0000008f32a00000)]
  0x0000026925495ec0 JavaThread "Unconstrained build operations Thread 40" [_thread_blocked, id=31668, stack(0x0000008f32a00000,0x0000008f32b00000)]
  0x0000026925494a80 JavaThread "Unconstrained build operations Thread 41" [_thread_blocked, id=16120, stack(0x0000008f32b00000,0x0000008f32c00000)]
  0x0000026925494f90 JavaThread "Unconstrained build operations Thread 42" [_thread_blocked, id=20864, stack(0x0000008f32c00000,0x0000008f32d00000)]
  0x00000269254954a0 JavaThread "Unconstrained build operations Thread 43" [_thread_blocked, id=22280, stack(0x0000008f32d00000,0x0000008f32e00000)]
  0x00000269254959b0 JavaThread "Unconstrained build operations Thread 44" [_thread_blocked, id=28576, stack(0x0000008f32e00000,0x0000008f32f00000)]
  0x00000269254963d0 JavaThread "Unconstrained build operations Thread 45" [_thread_blocked, id=17872, stack(0x0000008f32f00000,0x0000008f33000000)]
  0x000002692ab02df0 JavaThread "Unconstrained build operations Thread 46" [_thread_blocked, id=16232, stack(0x0000008f33000000,0x0000008f33100000)]
  0x000002692ab03810 JavaThread "Unconstrained build operations Thread 47" [_thread_blocked, id=16624, stack(0x0000008f33100000,0x0000008f33200000)]
  0x000002692ab00570 JavaThread "Unconstrained build operations Thread 48" [_thread_blocked, id=3940, stack(0x0000008f33200000,0x0000008f33300000)]
  0x000002692ab019b0 JavaThread "Unconstrained build operations Thread 49" [_thread_blocked, id=28816, stack(0x0000008f33300000,0x0000008f33400000)]
  0x000002692ab014a0 JavaThread "Unconstrained build operations Thread 50" [_thread_blocked, id=29024, stack(0x0000008f33400000,0x0000008f33500000)]
  0x000002692ab00060 JavaThread "Unconstrained build operations Thread 51" [_thread_blocked, id=11980, stack(0x0000008f33500000,0x0000008f33600000)]
  0x000002692ab03d20 JavaThread "Unconstrained build operations Thread 52" [_thread_blocked, id=2652, stack(0x0000008f33600000,0x0000008f33700000)]
  0x000002692ab00f90 JavaThread "Unconstrained build operations Thread 53" [_thread_blocked, id=13632, stack(0x0000008f33700000,0x0000008f33800000)]
  0x000002692ab01ec0 JavaThread "Unconstrained build operations Thread 54" [_thread_blocked, id=31332, stack(0x0000008f33800000,0x0000008f33900000)]
  0x000002692ab00a80 JavaThread "Unconstrained build operations Thread 55" [_thread_blocked, id=9584, stack(0x0000008f33900000,0x0000008f33a00000)]
  0x000002692ab05670 JavaThread "Unconstrained build operations Thread 56" [_thread_blocked, id=26100, stack(0x0000008f33a00000,0x0000008f33b00000)]
  0x000002692ab05b80 JavaThread "Unconstrained build operations Thread 57" [_thread_blocked, id=19204, stack(0x0000008f33b00000,0x0000008f33c00000)]
  0x000002692ab023d0 JavaThread "Unconstrained build operations Thread 58" [_thread_blocked, id=20108, stack(0x0000008f33c00000,0x0000008f33d00000)]
  0x000002692ab04740 JavaThread "Unconstrained build operations Thread 59" [_thread_blocked, id=21148, stack(0x0000008f33d00000,0x0000008f33e00000)]
  0x000002692ab04230 JavaThread "Unconstrained build operations Thread 60" [_thread_blocked, id=26880, stack(0x0000008f33e00000,0x0000008f33f00000)]
  0x000002692ab04c50 JavaThread "Unconstrained build operations Thread 61" [_thread_blocked, id=3604, stack(0x0000008f33f00000,0x0000008f34000000)]
  0x000002692ab05160 JavaThread "Unconstrained build operations Thread 62" [_thread_blocked, id=24256, stack(0x0000008f34000000,0x0000008f34100000)]
  0x000002692ab06090 JavaThread "Unconstrained build operations Thread 63" [_thread_blocked, id=27808, stack(0x0000008f34100000,0x0000008f34200000)]
  0x000002692ab03300 JavaThread "Unconstrained build operations Thread 64" [_thread_blocked, id=14692, stack(0x0000008f34200000,0x0000008f34300000)]
  0x000002692ab028e0 JavaThread "Unconstrained build operations Thread 65" [_thread_blocked, id=1188, stack(0x0000008f34300000,0x0000008f34400000)]
  0x000002692ab065a0 JavaThread "Unconstrained build operations Thread 66" [_thread_blocked, id=18504, stack(0x0000008f34400000,0x0000008f34500000)]
  0x000002692ab06ab0 JavaThread "Unconstrained build operations Thread 67" [_thread_blocked, id=21000, stack(0x0000008f34500000,0x0000008f34600000)]
  0x000002692ab079e0 JavaThread "Unconstrained build operations Thread 68" [_thread_blocked, id=29360, stack(0x0000008f34600000,0x0000008f34700000)]
  0x000002692ab06fc0 JavaThread "Unconstrained build operations Thread 69" [_thread_blocked, id=10556, stack(0x0000008f34700000,0x0000008f34800000)]
  0x0000026927d4b5a0 JavaThread "Unconstrained build operations Thread 70" [_thread_blocked, id=3752, stack(0x0000008f34800000,0x0000008f34900000)]
  0x0000026927d4d400 JavaThread "Unconstrained build operations Thread 71" [_thread_blocked, id=29680, stack(0x0000008f34900000,0x0000008f34a00000)]
  0x0000026927d4d910 JavaThread "Unconstrained build operations Thread 72" [_thread_blocked, id=17032, stack(0x0000008f34a00000,0x0000008f34b00000)]
  0x0000026927d4de20 JavaThread "Unconstrained build operations Thread 73" [_thread_blocked, id=10676, stack(0x0000008f34b00000,0x0000008f34c00000)]
  0x0000026927d4e330 JavaThread "Unconstrained build operations Thread 74" [_thread_blocked, id=16128, stack(0x0000008f34c00000,0x0000008f34d00000)]
  0x0000026927d4c9e0 JavaThread "Unconstrained build operations Thread 75" [_thread_blocked, id=22108, stack(0x0000008f34d00000,0x0000008f34e00000)]
  0x0000026927d4e840 JavaThread "Unconstrained build operations Thread 76" [_thread_blocked, id=1532, stack(0x0000008f34e00000,0x0000008f34f00000)]
  0x0000026927d4ed50 JavaThread "Unconstrained build operations Thread 77" [_thread_blocked, id=18068, stack(0x0000008f34f00000,0x0000008f35000000)]
  0x0000026927d4f260 JavaThread "Unconstrained build operations Thread 78" [_thread_blocked, id=11652, stack(0x0000008f35000000,0x0000008f35100000)]
  0x0000026927d4bab0 JavaThread "Unconstrained build operations Thread 79" [_thread_blocked, id=23892, stack(0x0000008f35100000,0x0000008f35200000)]
  0x0000026927d4f770 JavaThread "Unconstrained build operations Thread 80" [_thread_blocked, id=12256, stack(0x0000008f35200000,0x0000008f35300000)]
  0x0000026927d4bfc0 JavaThread "Unconstrained build operations Thread 81" [_thread_blocked, id=19604, stack(0x0000008f35300000,0x0000008f35400000)]
  0x0000026927d4fc80 JavaThread "Unconstrained build operations Thread 82" [_thread_blocked, id=29412, stack(0x0000008f35400000,0x0000008f35500000)]
  0x0000026927d4c4d0 JavaThread "Unconstrained build operations Thread 83" [_thread_blocked, id=3016, stack(0x0000008f35500000,0x0000008f35600000)]
  0x0000026927d4cef0 JavaThread "Unconstrained build operations Thread 84" [_thread_blocked, id=25944, stack(0x0000008f35600000,0x0000008f35700000)]
  0x0000026927d51ff0 JavaThread "Unconstrained build operations Thread 85" [_thread_blocked, id=17956, stack(0x0000008f35700000,0x0000008f35800000)]
  0x0000026927d52500 JavaThread "Unconstrained build operations Thread 86" [_thread_blocked, id=7868, stack(0x0000008f35800000,0x0000008f35900000)]
  0x0000026927d52a10 JavaThread "Unconstrained build operations Thread 87" [_thread_blocked, id=18700, stack(0x0000008f35900000,0x0000008f35a00000)]
  0x0000026927d52f20 JavaThread "Unconstrained build operations Thread 88" [_thread_blocked, id=20340, stack(0x0000008f35a00000,0x0000008f35b00000)]
  0x0000026927d51ae0 JavaThread "Unconstrained build operations Thread 89" [_thread_blocked, id=23556, stack(0x0000008f35b00000,0x0000008f35c00000)]
  0x0000026927d50190 JavaThread "Unconstrained build operations Thread 90" [_thread_blocked, id=11996, stack(0x0000008f35c00000,0x0000008f35d00000)]
  0x0000026927d506a0 JavaThread "Unconstrained build operations Thread 91" [_thread_blocked, id=23888, stack(0x0000008f35d00000,0x0000008f35e00000)]
  0x0000026927d50bb0 JavaThread "Unconstrained build operations Thread 92" [_thread_blocked, id=15864, stack(0x0000008f35e00000,0x0000008f35f00000)]
  0x0000026927d510c0 JavaThread "Unconstrained build operations Thread 93" [_thread_blocked, id=20132, stack(0x0000008f35f00000,0x0000008f36000000)]
  0x0000026927f3dcf0 JavaThread "Unconstrained build operations Thread 94" [_thread_blocked, id=29992, stack(0x0000008f36000000,0x0000008f36100000)]
  0x0000026927f3e200 JavaThread "Unconstrained build operations Thread 95" [_thread_blocked, id=12480, stack(0x0000008f36100000,0x0000008f36200000)]
  0x0000026927f3f640 JavaThread "Unconstrained build operations Thread 96" [_thread_blocked, id=25332, stack(0x0000008f36200000,0x0000008f36300000)]
  0x0000026927f3d2d0 JavaThread "Unconstrained build operations Thread 97" [_thread_blocked, id=30476, stack(0x0000008f36300000,0x0000008f36400000)]
  0x0000026927f3e710 JavaThread "Unconstrained build operations Thread 98" [_thread_blocked, id=3004, stack(0x0000008f36400000,0x0000008f36500000)]
  0x0000026927f3cdc0 JavaThread "Unconstrained build operations Thread 99" [_thread_blocked, id=21928, stack(0x0000008f36500000,0x0000008f36600000)]
  0x0000026927f3fb50 JavaThread "Unconstrained build operations Thread 100" [_thread_blocked, id=27936, stack(0x0000008f36600000,0x0000008f36700000)]
  0x0000026927f40060 JavaThread "Unconstrained build operations Thread 101" [_thread_blocked, id=6652, stack(0x0000008f36700000,0x0000008f36800000)]
  0x0000026927f40570 JavaThread "Unconstrained build operations Thread 102" [_thread_blocked, id=19892, stack(0x0000008f36800000,0x0000008f36900000)]
  0x0000026927f40f90 JavaThread "Unconstrained build operations Thread 103" [_thread_blocked, id=12240, stack(0x0000008f36900000,0x0000008f36a00000)]
  0x0000026927f3f130 JavaThread "Unconstrained build operations Thread 104" [_thread_blocked, id=2264, stack(0x0000008f36a00000,0x0000008f36b00000)]
  0x0000026927f3d7e0 JavaThread "Unconstrained build operations Thread 105" [_thread_blocked, id=5644, stack(0x0000008f36b00000,0x0000008f36c00000)]
  0x0000026927f41ec0 JavaThread "Unconstrained build operations Thread 106" [_thread_blocked, id=26368, stack(0x0000008f36c00000,0x0000008f36d00000)]
  0x0000026927f3ec20 JavaThread "Unconstrained build operations Thread 107" [_thread_blocked, id=31592, stack(0x0000008f36d00000,0x0000008f36e00000)]
  0x0000026927f414a0 JavaThread "Unconstrained build operations Thread 108" [_thread_blocked, id=24048, stack(0x0000008f36e00000,0x0000008f36f00000)]
  0x0000026927f42df0 JavaThread "Unconstrained build operations Thread 109" [_thread_blocked, id=11924, stack(0x0000008f36f00000,0x0000008f37000000)]
  0x0000026927f44230 JavaThread "Unconstrained build operations Thread 110" [_thread_blocked, id=11588, stack(0x0000008f37000000,0x0000008f37100000)]
  0x0000026927f419b0 JavaThread "Unconstrained build operations Thread 111" [_thread_blocked, id=2884, stack(0x0000008f37100000,0x0000008f37200000)]
  0x0000026927f43300 JavaThread "Unconstrained build operations Thread 112" [_thread_blocked, id=10892, stack(0x0000008f37200000,0x0000008f37300000)]
  0x0000026927f43d20 JavaThread "Unconstrained build operations Thread 113" [_thread_blocked, id=28344, stack(0x0000008f37300000,0x0000008f37400000)]
  0x0000026927f428e0 JavaThread "Unconstrained build operations Thread 114" [_thread_blocked, id=11544, stack(0x0000008f37400000,0x0000008f37500000)]
  0x0000026927f423d0 JavaThread "jar transforms Thread 2" [_thread_blocked, id=18864, stack(0x0000008f37600000,0x0000008f37700000)]
  0x0000026925a2dbf0 JavaThread "jar transforms Thread 3" [_thread_blocked, id=18856, stack(0x0000008f37700000,0x0000008f37800000)]
  0x0000026925a2a440 JavaThread "Unconstrained build operations Thread 115" [_thread_blocked, id=19860, stack(0x0000008f37800000,0x0000008f37900000)]
  0x0000026925a2a950 JavaThread "Unconstrained build operations Thread 116" [_thread_blocked, id=29924, stack(0x0000008f37900000,0x0000008f37a00000)]
  0x0000026925a2b880 JavaThread "Unconstrained build operations Thread 117" [_thread_blocked, id=27328, stack(0x0000008f37a00000,0x0000008f37b00000)]
  0x0000026925a2bd90 JavaThread "Unconstrained build operations Thread 118" [_thread_blocked, id=14176, stack(0x0000008f37b00000,0x0000008f37c00000)]
  0x0000026925a2c7b0 JavaThread "Unconstrained build operations Thread 119" [_thread_blocked, id=13852, stack(0x0000008f37c00000,0x0000008f37d00000)]
  0x0000026925a2d6e0 JavaThread "Unconstrained build operations Thread 120" [_thread_blocked, id=20432, stack(0x0000008f37d00000,0x0000008f37e00000)]
  0x0000026925a2d1d0 JavaThread "jar transforms Thread 4" [_thread_blocked, id=616, stack(0x0000008f37e00000,0x0000008f37f00000)]
  0x0000026925a2e100 JavaThread "jar transforms Thread 5" [_thread_blocked, id=29348, stack(0x0000008f37f00000,0x0000008f38000000)]
  0x0000026925a2eb20 JavaThread "jar transforms Thread 6" [_thread_blocked, id=13528, stack(0x0000008f38000000,0x0000008f38100000)]
  0x0000026925a30980 JavaThread "Problems report writer" [_thread_blocked, id=3424, stack(0x0000008f38100000,0x0000008f38200000)]
  0x0000026925a318b0 JavaThread "build event listener" [_thread_blocked, id=1800, stack(0x0000008f38200000,0x0000008f38300000)]
  0x000002692aa12820 JavaThread "jar transforms Thread 7" [_thread_blocked, id=28084, stack(0x0000008f38300000,0x0000008f38400000)]
  0x000002692aa14170 JavaThread "jar transforms Thread 8" [_thread_blocked, id=18360, stack(0x0000008f38400000,0x0000008f38500000)]
  0x000002692aa12310 JavaThread "jar transforms Thread 9" [_thread_blocked, id=21876, stack(0x0000008f38500000,0x0000008f38600000)]
  0x000002692aa12d30 JavaThread "jar transforms Thread 10" [_thread_blocked, id=2420, stack(0x0000008f38600000,0x0000008f38700000)]
  0x000002692aa14b90 JavaThread "jar transforms Thread 11" [_thread_blocked, id=13784, stack(0x0000008f38700000,0x0000008f38800000)]
  0x000002692aa13750 JavaThread "jar transforms Thread 12" [_thread_blocked, id=18624, stack(0x0000008f38800000,0x0000008f38900000)]
  0x000002692aa164e0 JavaThread "Exec process" [_thread_in_native, id=10340, stack(0x0000008f38900000,0x0000008f38a00000)]
  0x000002692aa19270 JavaThread "Exec process Thread 2" [_thread_in_native, id=31232, stack(0x0000008f38a00000,0x0000008f38b00000)]
  0x000002692aa17920 JavaThread "Exec process Thread 3" [_thread_in_native, id=26672, stack(0x0000008f38b00000,0x0000008f38c00000)]
  0x000002692aa1a1a0 JavaThread "Cache worker for execution history cache (E:\Appointza\version1\AppointzaAdmin\android\.gradle\8.14.1\executionHistory)" [_thread_blocked, id=15784, stack(0x0000008f38c00000,0x0000008f38d00000)]
  0x000002692aa201d0 JavaThread "Cache worker for Java compile cache (C:\Users\aravi\.gradle\caches\8.14.1\javaCompile)" [_thread_blocked, id=10548, stack(0x0000008f38f00000,0x0000008f39000000)]
  0x000002692895ac70 JavaThread "Build operations" [_thread_blocked, id=18084, stack(0x0000008f39000000,0x0000008f39100000)]
  0x0000026928957ee0 JavaThread "Build operations Thread 2" [_thread_blocked, id=9988, stack(0x0000008f39100000,0x0000008f39200000)]
  0x0000026928959320 JavaThread "Build operations Thread 3" [_thread_blocked, id=4268, stack(0x0000008f39200000,0x0000008f39300000)]
  0x00000269290d2620 JavaThread "Build operations Thread 4" [_thread_blocked, id=14196, stack(0x0000008f39300000,0x0000008f39400000)]
  0x00000269290d3550 JavaThread "Build operations Thread 5" [_thread_blocked, id=22260, stack(0x0000008f39400000,0x0000008f39500000)]
  0x00000269290d7c30 JavaThread "Build operations Thread 6" [_thread_blocked, id=9740, stack(0x0000008f39500000,0x0000008f39600000)]
  0x0000026925a2e610 JavaThread "Build operations Thread 7" [_thread_blocked, id=9232, stack(0x0000008f39600000,0x0000008f39700000)]
  0x0000026925a2b370 JavaThread "Build operations Thread 8" [_thread_blocked, id=21920, stack(0x0000008f39700000,0x0000008f39800000)]
  0x0000026927f43810 JavaThread "Build operations Thread 9" [_thread_blocked, id=19592, stack(0x0000008f39800000,0x0000008f39900000)]
  0x000002692684a150 JavaThread "Build operations Thread 10" [_thread_blocked, id=22624, stack(0x0000008f39900000,0x0000008f39a00000)]
  0x00000269313aaf50 JavaThread "Build operations Thread 11" [_thread_blocked, id=9856, stack(0x0000008f39a00000,0x0000008f39b00000)]
  0x00000269313ab460 JavaThread "WorkerExecutor Queue" [_thread_blocked, id=12468, stack(0x0000008f39b00000,0x0000008f39c00000)]
  0x00000269313abe80 JavaThread "WorkerExecutor Queue Thread 2" [_thread_blocked, id=25576, stack(0x0000008f39c00000,0x0000008f39d00000)]

Other Threads:
  0x00000268de72c340 VMThread "VM Thread" [stack: 0x0000008f2b300000,0x0000008f2b400000] [id=22416]
  0x00000268b548aa80 WatcherThread [stack: 0x0000008f2bf00000,0x0000008f2c000000] [id=1488]
  0x00000268b5471470 GCTaskThread "GC Thread#0" [stack: 0x0000008f2ae00000,0x0000008f2af00000] [id=4340]
  0x00000269243b80b0 GCTaskThread "GC Thread#1" [stack: 0x0000008f2c100000,0x0000008f2c200000] [id=20116]
  0x00000269243b8370 GCTaskThread "GC Thread#2" [stack: 0x0000008f2c200000,0x0000008f2c300000] [id=6416]
  0x00000269243b72f0 GCTaskThread "GC Thread#3" [stack: 0x0000008f2c300000,0x0000008f2c400000] [id=8900]
  0x00000269243b75b0 GCTaskThread "GC Thread#4" [stack: 0x0000008f2c400000,0x0000008f2c500000] [id=29512]
  0x00000269243b8630 GCTaskThread "GC Thread#5" [stack: 0x0000008f2c500000,0x0000008f2c600000] [id=27540]
  0x00000269243b88f0 GCTaskThread "GC Thread#6" [stack: 0x0000008f2c900000,0x0000008f2ca00000] [id=14696]
  0x00000269243b7df0 GCTaskThread "GC Thread#7" [stack: 0x0000008f2ca00000,0x0000008f2cb00000] [id=12652]
  0x0000026924e1c270 GCTaskThread "GC Thread#8" [stack: 0x0000008f2cb00000,0x0000008f2cc00000] [id=14172]
  0x0000026924e1cd70 GCTaskThread "GC Thread#9" [stack: 0x0000008f2cc00000,0x0000008f2cd00000] [id=8080]
  0x00000268b547e2d0 ConcurrentGCThread "G1 Main Marker" [stack: 0x0000008f2af00000,0x0000008f2b000000] [id=20192]
  0x00000268b547f8c0 ConcurrentGCThread "G1 Conc#0" [stack: 0x0000008f2b000000,0x0000008f2b100000] [id=10032]
  0x0000026924e1d5b0 ConcurrentGCThread "G1 Conc#1" [stack: 0x0000008f2da00000,0x0000008f2db00000] [id=24872]
  0x0000026924e1d030 ConcurrentGCThread "G1 Conc#2" [stack: 0x0000008f2db00000,0x0000008f2dc00000] [id=29964]
  0x00000268de5e4a90 ConcurrentGCThread "G1 Refine#0" [stack: 0x0000008f2b100000,0x0000008f2b200000] [id=7524]
  0x0000026927b2f220 ConcurrentGCThread "G1 Refine#1" [stack: 0x0000008f2de00000,0x0000008f2df00000] [id=18576]
  0x0000026928c475b0 ConcurrentGCThread "G1 Refine#2" [stack: 0x0000008f2df00000,0x0000008f2e000000] [id=30872]
  0x0000026928c472c0 ConcurrentGCThread "G1 Refine#3" [stack: 0x0000008f2e000000,0x0000008f2e100000] [id=15748]
  0x00000268de5e5270 ConcurrentGCThread "G1 Service" [stack: 0x0000008f2b200000,0x0000008f2b300000] [id=16312]

Threads with active compile tasks:
C2 CompilerThread0   119076 28623       4       org.gradle.internal.logging.text.AbstractLineChoppingStyledTextOutput$1::execute (9 bytes)

VM state: not at safepoint (normal execution)

VM Mutex/Monitor currently owned by a thread: None

Heap address: 0x0000000680000000, size: 6144 MB, Compressed Oops mode: Zero based, Oop shift amount: 3

CDS archive(s) mapped at: [0x00000268df000000-0x00000268dfbd0000-0x00000268dfbd0000), size 12386304, SharedBaseAddress: 0x00000268df000000, ArchiveRelocationMode: 1.
Compressed class space mapped at: 0x00000268e0000000-0x0000026920000000, reserved size: 1073741824
Narrow klass base: 0x00000268df000000, Narrow klass shift: 0, Narrow klass range: 0x100000000

GC Precious Log:
 CPUs: 12 total, 12 available
 Memory: 16076M
 Large Page Support: Disabled
 NUMA Support: Disabled
 Compressed Oops: Enabled (Zero based)
 Heap Region Size: 4M
 Heap Min Capacity: 8M
 Heap Initial Capacity: 252M
 Heap Max Capacity: 6G
 Pre-touch: Disabled
 Parallel Workers: 10
 Concurrent Workers: 3
 Concurrent Refinement Workers: 10
 Periodic GC: Disabled

Heap:
 garbage-first heap   total 659456K, used 441251K [0x0000000680000000, 0x0000000800000000)
  region size 4096K, 30 young (122880K), 4 survivors (16384K)
 Metaspace       used 158141K, committed 160448K, reserved 1245184K
  class space    used 21743K, committed 22784K, reserved 1048576K

Heap Regions: E=young(eden), S=young(survivor), O=old, HS=humongous(starts), HC=humongous(continues), CS=collection set, F=free, OA=open archive, CA=closed archive, TAMS=top-at-mark-start (previous, next)
|   0|0x0000000680000000, 0x0000000680400000, 0x0000000680400000|100%|HS|  |TAMS 0x0000000680400000, 0x0000000680000000| Complete 
|   1|0x0000000680400000, 0x0000000680800000, 0x0000000680800000|100%| O|  |TAMS 0x0000000680800000, 0x0000000680400000| Untracked 
|   2|0x0000000680800000, 0x0000000680c00000, 0x0000000680c00000|100%| O|  |TAMS 0x0000000680c00000, 0x0000000680800000| Untracked 
|   3|0x0000000680c00000, 0x0000000681000000, 0x0000000681000000|100%| O|  |TAMS 0x0000000681000000, 0x0000000680c00000| Untracked 
|   4|0x0000000681000000, 0x0000000681400000, 0x0000000681400000|100%| O|  |TAMS 0x0000000681400000, 0x0000000681000000| Untracked 
|   5|0x0000000681400000, 0x0000000681800000, 0x0000000681800000|100%| O|  |TAMS 0x0000000681800000, 0x0000000681400000| Untracked 
|   6|0x0000000681800000, 0x0000000681c00000, 0x0000000681c00000|100%| O|  |TAMS 0x0000000681c00000, 0x0000000681800000| Untracked 
|   7|0x0000000681c00000, 0x0000000682000000, 0x0000000682000000|100%|HS|  |TAMS 0x0000000682000000, 0x0000000681c00000| Complete 
|   8|0x0000000682000000, 0x0000000682400000, 0x0000000682400000|100%| O|  |TAMS 0x0000000682400000, 0x0000000682000000| Untracked 
|   9|0x0000000682400000, 0x0000000682800000, 0x0000000682800000|100%| O|  |TAMS 0x0000000682800000, 0x0000000682400000| Untracked 
|  10|0x0000000682800000, 0x0000000682c00000, 0x0000000682c00000|100%|HS|  |TAMS 0x0000000682c00000, 0x0000000682800000| Complete 
|  11|0x0000000682c00000, 0x0000000683000000, 0x0000000683000000|100%| O|  |TAMS 0x0000000683000000, 0x0000000682c00000| Untracked 
|  12|0x0000000683000000, 0x0000000683400000, 0x0000000683400000|100%| O|  |TAMS 0x0000000683400000, 0x0000000683000000| Untracked 
|  13|0x0000000683400000, 0x0000000683800000, 0x0000000683800000|100%| O|  |TAMS 0x0000000683800000, 0x0000000683400000| Untracked 
|  14|0x0000000683800000, 0x0000000683c00000, 0x0000000683c00000|100%| O|  |TAMS 0x0000000683c00000, 0x0000000683800000| Untracked 
|  15|0x0000000683c00000, 0x0000000684000000, 0x0000000684000000|100%| O|  |TAMS 0x0000000684000000, 0x0000000683c00000| Untracked 
|  16|0x0000000684000000, 0x0000000684400000, 0x0000000684400000|100%| O|  |TAMS 0x0000000684400000, 0x0000000684000000| Untracked 
|  17|0x0000000684400000, 0x0000000684800000, 0x0000000684800000|100%| O|  |TAMS 0x0000000684800000, 0x0000000684400000| Untracked 
|  18|0x0000000684800000, 0x0000000684c00000, 0x0000000684c00000|100%| O|  |TAMS 0x0000000684c00000, 0x0000000684800000| Untracked 
|  19|0x0000000684c00000, 0x0000000685000000, 0x0000000685000000|100%| O|  |TAMS 0x0000000685000000, 0x0000000684c00000| Untracked 
|  20|0x0000000685000000, 0x0000000685400000, 0x0000000685400000|100%| O|  |TAMS 0x0000000685400000, 0x0000000685000000| Untracked 
|  21|0x0000000685400000, 0x0000000685800000, 0x0000000685800000|100%| O|  |TAMS 0x0000000685800000, 0x0000000685400000| Untracked 
|  22|0x0000000685800000, 0x0000000685c00000, 0x0000000685c00000|100%| O|  |TAMS 0x0000000685c00000, 0x0000000685800000| Untracked 
|  23|0x0000000685c00000, 0x0000000686000000, 0x0000000686000000|100%| O|  |TAMS 0x0000000686000000, 0x0000000685c00000| Untracked 
|  24|0x0000000686000000, 0x0000000686400000, 0x0000000686400000|100%|HS|  |TAMS 0x0000000686400000, 0x0000000686000000| Complete 
|  25|0x0000000686400000, 0x0000000686800000, 0x0000000686800000|100%| O|  |TAMS 0x0000000686800000, 0x0000000686400000| Untracked 
|  26|0x0000000686800000, 0x0000000686c00000, 0x0000000686c00000|100%| O|  |TAMS 0x0000000686ab2000, 0x0000000686800000| Untracked 
|  27|0x0000000686c00000, 0x0000000687000000, 0x0000000687000000|100%| O|  |TAMS 0x0000000686c00000, 0x0000000686c00000| Untracked 
|  28|0x0000000687000000, 0x0000000687400000, 0x0000000687400000|100%| O|  |TAMS 0x0000000687000000, 0x0000000687000000| Untracked 
|  29|0x0000000687400000, 0x0000000687800000, 0x0000000687800000|100%| O|  |TAMS 0x0000000687400000, 0x0000000687400000| Untracked 
|  30|0x0000000687800000, 0x0000000687c00000, 0x0000000687c00000|100%| O|  |TAMS 0x0000000687800000, 0x0000000687800000| Untracked 
|  31|0x0000000687c00000, 0x0000000688000000, 0x0000000688000000|100%| O|  |TAMS 0x0000000687c00000, 0x0000000687c00000| Untracked 
|  32|0x0000000688000000, 0x0000000688400000, 0x0000000688400000|100%| O|  |TAMS 0x0000000688000000, 0x0000000688000000| Untracked 
|  33|0x0000000688400000, 0x0000000688800000, 0x0000000688800000|100%| O|  |TAMS 0x0000000688400000, 0x0000000688400000| Untracked 
|  34|0x0000000688800000, 0x0000000688c00000, 0x0000000688c00000|100%| O|  |TAMS 0x0000000688800000, 0x0000000688800000| Untracked 
|  35|0x0000000688c00000, 0x0000000689000000, 0x0000000689000000|100%| O|  |TAMS 0x0000000688c00000, 0x0000000688c00000| Untracked 
|  36|0x0000000689000000, 0x0000000689400000, 0x0000000689400000|100%| O|  |TAMS 0x0000000689000000, 0x0000000689000000| Untracked 
|  37|0x0000000689400000, 0x0000000689800000, 0x0000000689800000|100%| O|  |TAMS 0x0000000689400000, 0x0000000689400000| Untracked 
|  38|0x0000000689800000, 0x0000000689c00000, 0x0000000689c00000|100%| O|  |TAMS 0x0000000689800000, 0x0000000689800000| Untracked 
|  39|0x0000000689c00000, 0x000000068a000000, 0x000000068a000000|100%| O|  |TAMS 0x0000000689c00000, 0x0000000689c00000| Untracked 
|  40|0x000000068a000000, 0x000000068a400000, 0x000000068a400000|100%| O|  |TAMS 0x000000068a000000, 0x000000068a000000| Untracked 
|  41|0x000000068a400000, 0x000000068a800000, 0x000000068a800000|100%| O|  |TAMS 0x000000068a400000, 0x000000068a400000| Untracked 
|  42|0x000000068a800000, 0x000000068ac00000, 0x000000068ac00000|100%| O|  |TAMS 0x000000068a800000, 0x000000068a800000| Untracked 
|  43|0x000000068ac00000, 0x000000068b000000, 0x000000068b000000|100%| O|  |TAMS 0x000000068ac00000, 0x000000068ac00000| Untracked 
|  44|0x000000068b000000, 0x000000068b400000, 0x000000068b400000|100%| O|  |TAMS 0x000000068b000000, 0x000000068b000000| Untracked 
|  45|0x000000068b400000, 0x000000068b800000, 0x000000068b800000|100%| O|  |TAMS 0x000000068b400000, 0x000000068b400000| Untracked 
|  46|0x000000068b800000, 0x000000068bc00000, 0x000000068bc00000|100%| O|  |TAMS 0x000000068b800000, 0x000000068b800000| Untracked 
|  47|0x000000068bc00000, 0x000000068c000000, 0x000000068c000000|100%| O|  |TAMS 0x000000068bc00000, 0x000000068bc00000| Untracked 
|  48|0x000000068c000000, 0x000000068c400000, 0x000000068c400000|100%| O|  |TAMS 0x000000068c000000, 0x000000068c000000| Untracked 
|  49|0x000000068c400000, 0x000000068c800000, 0x000000068c800000|100%| O|  |TAMS 0x000000068c400000, 0x000000068c400000| Untracked 
|  50|0x000000068c800000, 0x000000068cc00000, 0x000000068cc00000|100%| O|  |TAMS 0x000000068c800000, 0x000000068c800000| Untracked 
|  51|0x000000068cc00000, 0x000000068d000000, 0x000000068d000000|100%| O|  |TAMS 0x000000068cc00000, 0x000000068cc00000| Untracked 
|  52|0x000000068d000000, 0x000000068d400000, 0x000000068d400000|100%| O|  |TAMS 0x000000068d000000, 0x000000068d000000| Untracked 
|  53|0x000000068d400000, 0x000000068d800000, 0x000000068d800000|100%| O|  |TAMS 0x000000068d400000, 0x000000068d400000| Untracked 
|  54|0x000000068d800000, 0x000000068dc00000, 0x000000068dc00000|100%| O|  |TAMS 0x000000068d800000, 0x000000068d800000| Untracked 
|  55|0x000000068dc00000, 0x000000068e000000, 0x000000068e000000|100%| O|  |TAMS 0x000000068dc00000, 0x000000068dc00000| Untracked 
|  56|0x000000068e000000, 0x000000068e400000, 0x000000068e400000|100%| O|  |TAMS 0x000000068e000000, 0x000000068e000000| Untracked 
|  57|0x000000068e400000, 0x000000068e800000, 0x000000068e800000|100%| O|  |TAMS 0x000000068e400000, 0x000000068e400000| Untracked 
|  58|0x000000068e800000, 0x000000068ec00000, 0x000000068ec00000|100%| O|  |TAMS 0x000000068e800000, 0x000000068e800000| Untracked 
|  59|0x000000068ec00000, 0x000000068f000000, 0x000000068f000000|100%| O|  |TAMS 0x000000068ec00000, 0x000000068ec00000| Untracked 
|  60|0x000000068f000000, 0x000000068f400000, 0x000000068f400000|100%| O|  |TAMS 0x000000068f000000, 0x000000068f000000| Untracked 
|  61|0x000000068f400000, 0x000000068f800000, 0x000000068f800000|100%| O|  |TAMS 0x000000068f400000, 0x000000068f400000| Untracked 
|  62|0x000000068f800000, 0x000000068fc00000, 0x000000068fc00000|100%| O|  |TAMS 0x000000068f800000, 0x000000068f800000| Untracked 
|  63|0x000000068fc00000, 0x0000000690000000, 0x0000000690000000|100%| O|  |TAMS 0x000000068fc00000, 0x000000068fc00000| Untracked 
|  64|0x0000000690000000, 0x0000000690400000, 0x0000000690400000|100%| O|  |TAMS 0x0000000690000000, 0x0000000690000000| Untracked 
|  65|0x0000000690400000, 0x0000000690800000, 0x0000000690800000|100%| O|  |TAMS 0x0000000690400000, 0x0000000690400000| Untracked 
|  66|0x0000000690800000, 0x0000000690c00000, 0x0000000690c00000|100%| O|  |TAMS 0x0000000690800000, 0x0000000690800000| Untracked 
|  67|0x0000000690c00000, 0x0000000691000000, 0x0000000691000000|100%| O|  |TAMS 0x0000000690c00000, 0x0000000690c00000| Untracked 
|  68|0x0000000691000000, 0x0000000691400000, 0x0000000691400000|100%| O|  |TAMS 0x0000000691000000, 0x0000000691000000| Untracked 
|  69|0x0000000691400000, 0x0000000691800000, 0x0000000691800000|100%| O|  |TAMS 0x0000000691400000, 0x0000000691400000| Untracked 
|  70|0x0000000691800000, 0x0000000691c00000, 0x0000000691c00000|100%| O|  |TAMS 0x0000000691800000, 0x0000000691800000| Untracked 
|  71|0x0000000691c00000, 0x0000000692000000, 0x0000000692000000|100%| O|  |TAMS 0x0000000691c00000, 0x0000000691c00000| Untracked 
|  72|0x0000000692000000, 0x0000000692400000, 0x0000000692400000|100%| O|  |TAMS 0x0000000692000000, 0x0000000692000000| Untracked 
|  73|0x0000000692400000, 0x0000000692800000, 0x0000000692800000|100%| O|  |TAMS 0x0000000692400000, 0x0000000692400000| Untracked 
|  74|0x0000000692800000, 0x0000000692c00000, 0x0000000692c00000|100%| O|  |TAMS 0x0000000692800000, 0x0000000692800000| Untracked 
|  75|0x0000000692c00000, 0x0000000693000000, 0x0000000693000000|100%| O|  |TAMS 0x0000000692c00000, 0x0000000692c00000| Untracked 
|  76|0x0000000693000000, 0x0000000693400000, 0x0000000693400000|100%| O|  |TAMS 0x0000000693000000, 0x0000000693000000| Untracked 
|  77|0x0000000693400000, 0x0000000693800000, 0x0000000693800000|100%| O|  |TAMS 0x0000000693400000, 0x0000000693400000| Untracked 
|  78|0x0000000693800000, 0x0000000693c00000, 0x0000000693c00000|100%| O|  |TAMS 0x0000000693800000, 0x0000000693800000| Untracked 
|  79|0x0000000693c00000, 0x0000000694000000, 0x0000000694000000|100%| O|  |TAMS 0x0000000693c00000, 0x0000000693c00000| Untracked 
|  80|0x0000000694000000, 0x000000069429dc00, 0x0000000694400000| 65%| O|  |TAMS 0x0000000694000000, 0x0000000694000000| Untracked 
|  81|0x0000000694400000, 0x0000000694400000, 0x0000000694800000|  0%| F|  |TAMS 0x0000000694400000, 0x0000000694400000| Untracked 
|  82|0x0000000694800000, 0x0000000694800000, 0x0000000694c00000|  0%| F|  |TAMS 0x0000000694800000, 0x0000000694800000| Untracked 
|  83|0x0000000694c00000, 0x0000000694c00000, 0x0000000695000000|  0%| F|  |TAMS 0x0000000694c00000, 0x0000000694c00000| Untracked 
|  84|0x0000000695000000, 0x0000000695000000, 0x0000000695400000|  0%| F|  |TAMS 0x0000000695000000, 0x0000000695000000| Untracked 
|  85|0x0000000695400000, 0x0000000695400000, 0x0000000695800000|  0%| F|  |TAMS 0x0000000695400000, 0x0000000695400000| Untracked 
|  86|0x0000000695800000, 0x0000000695800000, 0x0000000695c00000|  0%| F|  |TAMS 0x0000000695800000, 0x0000000695800000| Untracked 
|  87|0x0000000695c00000, 0x0000000695c00000, 0x0000000696000000|  0%| F|  |TAMS 0x0000000695c00000, 0x0000000695c00000| Untracked 
|  88|0x0000000696000000, 0x0000000696000000, 0x0000000696400000|  0%| F|  |TAMS 0x0000000696000000, 0x0000000696000000| Untracked 
|  89|0x0000000696400000, 0x0000000696400000, 0x0000000696800000|  0%| F|  |TAMS 0x0000000696400000, 0x0000000696400000| Untracked 
|  90|0x0000000696800000, 0x0000000696800000, 0x0000000696c00000|  0%| F|  |TAMS 0x0000000696800000, 0x0000000696800000| Untracked 
|  91|0x0000000696c00000, 0x0000000696c00000, 0x0000000697000000|  0%| F|  |TAMS 0x0000000696c00000, 0x0000000696c00000| Untracked 
|  92|0x0000000697000000, 0x0000000697000000, 0x0000000697400000|  0%| F|  |TAMS 0x0000000697000000, 0x0000000697000000| Untracked 
|  93|0x0000000697400000, 0x0000000697400000, 0x0000000697800000|  0%| F|  |TAMS 0x0000000697400000, 0x0000000697400000| Untracked 
|  94|0x0000000697800000, 0x0000000697800000, 0x0000000697c00000|  0%| F|  |TAMS 0x0000000697800000, 0x0000000697800000| Untracked 
|  95|0x0000000697c00000, 0x0000000697c00000, 0x0000000698000000|  0%| F|  |TAMS 0x0000000697c00000, 0x0000000697c00000| Untracked 
|  96|0x0000000698000000, 0x0000000698000000, 0x0000000698400000|  0%| F|  |TAMS 0x0000000698000000, 0x0000000698000000| Untracked 
|  97|0x0000000698400000, 0x0000000698400000, 0x0000000698800000|  0%| F|  |TAMS 0x0000000698400000, 0x0000000698400000| Untracked 
|  98|0x0000000698800000, 0x0000000698800000, 0x0000000698c00000|  0%| F|  |TAMS 0x0000000698800000, 0x0000000698800000| Untracked 
|  99|0x0000000698c00000, 0x0000000698c00000, 0x0000000699000000|  0%| F|  |TAMS 0x0000000698c00000, 0x0000000698c00000| Untracked 
| 100|0x0000000699000000, 0x0000000699000000, 0x0000000699400000|  0%| F|  |TAMS 0x0000000699000000, 0x0000000699000000| Untracked 
| 101|0x0000000699400000, 0x0000000699400000, 0x0000000699800000|  0%| F|  |TAMS 0x0000000699400000, 0x0000000699400000| Untracked 
| 102|0x0000000699800000, 0x0000000699800000, 0x0000000699c00000|  0%| F|  |TAMS 0x0000000699800000, 0x0000000699800000| Untracked 
| 103|0x0000000699c00000, 0x0000000699c4b0d0, 0x000000069a000000|  7%| S|CS|TAMS 0x0000000699c00000, 0x0000000699c00000| Complete 
| 104|0x000000069a000000, 0x000000069a400000, 0x000000069a400000|100%| S|CS|TAMS 0x000000069a000000, 0x000000069a000000| Complete 
| 105|0x000000069a400000, 0x000000069a800000, 0x000000069a800000|100%| S|CS|TAMS 0x000000069a400000, 0x000000069a400000| Complete 
| 106|0x000000069a800000, 0x000000069ac00000, 0x000000069ac00000|100%| S|CS|TAMS 0x000000069a800000, 0x000000069a800000| Complete 
| 107|0x000000069ac00000, 0x000000069ac00000, 0x000000069b000000|  0%| F|  |TAMS 0x000000069ac00000, 0x000000069ac00000| Untracked 
| 108|0x000000069b000000, 0x000000069b000000, 0x000000069b400000|  0%| F|  |TAMS 0x000000069b000000, 0x000000069b000000| Untracked 
| 109|0x000000069b400000, 0x000000069b400000, 0x000000069b800000|  0%| F|  |TAMS 0x000000069b400000, 0x000000069b400000| Untracked 
| 110|0x000000069b800000, 0x000000069b800000, 0x000000069bc00000|  0%| F|  |TAMS 0x000000069b800000, 0x000000069b800000| Untracked 
| 111|0x000000069bc00000, 0x000000069bc00000, 0x000000069c000000|  0%| F|  |TAMS 0x000000069bc00000, 0x000000069bc00000| Untracked 
| 112|0x000000069c000000, 0x000000069c000000, 0x000000069c400000|  0%| F|  |TAMS 0x000000069c000000, 0x000000069c000000| Untracked 
| 113|0x000000069c400000, 0x000000069c400000, 0x000000069c800000|  0%| F|  |TAMS 0x000000069c400000, 0x000000069c400000| Untracked 
| 114|0x000000069c800000, 0x000000069c800000, 0x000000069cc00000|  0%| F|  |TAMS 0x000000069c800000, 0x000000069c800000| Untracked 
| 115|0x000000069cc00000, 0x000000069cc00000, 0x000000069d000000|  0%| F|  |TAMS 0x000000069cc00000, 0x000000069cc00000| Untracked 
| 116|0x000000069d000000, 0x000000069d000000, 0x000000069d400000|  0%| F|  |TAMS 0x000000069d000000, 0x000000069d000000| Untracked 
| 117|0x000000069d400000, 0x000000069d400000, 0x000000069d800000|  0%| F|  |TAMS 0x000000069d400000, 0x000000069d400000| Untracked 
| 118|0x000000069d800000, 0x000000069d800000, 0x000000069dc00000|  0%| F|  |TAMS 0x000000069d800000, 0x000000069d800000| Untracked 
| 119|0x000000069dc00000, 0x000000069dc00000, 0x000000069e000000|  0%| F|  |TAMS 0x000000069dc00000, 0x000000069dc00000| Untracked 
| 120|0x000000069e000000, 0x000000069e000000, 0x000000069e400000|  0%| F|  |TAMS 0x000000069e000000, 0x000000069e000000| Untracked 
| 121|0x000000069e400000, 0x000000069e400000, 0x000000069e800000|  0%| F|  |TAMS 0x000000069e400000, 0x000000069e400000| Untracked 
| 122|0x000000069e800000, 0x000000069e800000, 0x000000069ec00000|  0%| F|  |TAMS 0x000000069e800000, 0x000000069e800000| Untracked 
| 123|0x000000069ec00000, 0x000000069ec00000, 0x000000069f000000|  0%| F|  |TAMS 0x000000069ec00000, 0x000000069ec00000| Untracked 
| 124|0x000000069f000000, 0x000000069f000000, 0x000000069f400000|  0%| F|  |TAMS 0x000000069f000000, 0x000000069f000000| Untracked 
| 125|0x000000069f400000, 0x000000069f400000, 0x000000069f800000|  0%| F|  |TAMS 0x000000069f400000, 0x000000069f400000| Untracked 
| 126|0x000000069f800000, 0x000000069f800000, 0x000000069fc00000|  0%| F|  |TAMS 0x000000069f800000, 0x000000069f800000| Untracked 
| 127|0x000000069fc00000, 0x000000069fc00000, 0x00000006a0000000|  0%| F|  |TAMS 0x000000069fc00000, 0x000000069fc00000| Untracked 
| 128|0x00000006a0000000, 0x00000006a0000000, 0x00000006a0400000|  0%| F|  |TAMS 0x00000006a0000000, 0x00000006a0000000| Untracked 
| 129|0x00000006a0400000, 0x00000006a0400000, 0x00000006a0800000|  0%| F|  |TAMS 0x00000006a0400000, 0x00000006a0400000| Untracked 
| 130|0x00000006a0800000, 0x00000006a0800000, 0x00000006a0c00000|  0%| F|  |TAMS 0x00000006a0800000, 0x00000006a0800000| Untracked 
| 131|0x00000006a0c00000, 0x00000006a0c00000, 0x00000006a1000000|  0%| F|  |TAMS 0x00000006a0c00000, 0x00000006a0c00000| Untracked 
| 132|0x00000006a1000000, 0x00000006a1000000, 0x00000006a1400000|  0%| F|  |TAMS 0x00000006a1000000, 0x00000006a1000000| Untracked 
| 133|0x00000006a1400000, 0x00000006a1400000, 0x00000006a1800000|  0%| F|  |TAMS 0x00000006a1400000, 0x00000006a1400000| Untracked 
| 134|0x00000006a1800000, 0x00000006a1800000, 0x00000006a1c00000|  0%| F|  |TAMS 0x00000006a1800000, 0x00000006a1800000| Untracked 
| 135|0x00000006a1c00000, 0x00000006a1dcbd10, 0x00000006a2000000| 44%| E|  |TAMS 0x00000006a1c00000, 0x00000006a1c00000| Complete 
| 136|0x00000006a2000000, 0x00000006a2400000, 0x00000006a2400000|100%| E|CS|TAMS 0x00000006a2000000, 0x00000006a2000000| Complete 
| 137|0x00000006a2400000, 0x00000006a2800000, 0x00000006a2800000|100%| E|CS|TAMS 0x00000006a2400000, 0x00000006a2400000| Complete 
| 138|0x00000006a2800000, 0x00000006a2c00000, 0x00000006a2c00000|100%| E|CS|TAMS 0x00000006a2800000, 0x00000006a2800000| Complete 
| 139|0x00000006a2c00000, 0x00000006a3000000, 0x00000006a3000000|100%| E|CS|TAMS 0x00000006a2c00000, 0x00000006a2c00000| Complete 
| 140|0x00000006a3000000, 0x00000006a3400000, 0x00000006a3400000|100%| E|CS|TAMS 0x00000006a3000000, 0x00000006a3000000| Complete 
| 141|0x00000006a3400000, 0x00000006a3800000, 0x00000006a3800000|100%| E|  |TAMS 0x00000006a3400000, 0x00000006a3400000| Complete 
| 142|0x00000006a3800000, 0x00000006a3c00000, 0x00000006a3c00000|100%| E|CS|TAMS 0x00000006a3800000, 0x00000006a3800000| Complete 
| 143|0x00000006a3c00000, 0x00000006a4000000, 0x00000006a4000000|100%| E|CS|TAMS 0x00000006a3c00000, 0x00000006a3c00000| Complete 
| 144|0x00000006a4000000, 0x00000006a4400000, 0x00000006a4400000|100%| E|CS|TAMS 0x00000006a4000000, 0x00000006a4000000| Complete 
| 145|0x00000006a4400000, 0x00000006a4800000, 0x00000006a4800000|100%| E|CS|TAMS 0x00000006a4400000, 0x00000006a4400000| Complete 
| 146|0x00000006a4800000, 0x00000006a4c00000, 0x00000006a4c00000|100%| E|CS|TAMS 0x00000006a4800000, 0x00000006a4800000| Complete 
| 147|0x00000006a4c00000, 0x00000006a5000000, 0x00000006a5000000|100%| E|CS|TAMS 0x00000006a4c00000, 0x00000006a4c00000| Complete 
| 148|0x00000006a5000000, 0x00000006a5400000, 0x00000006a5400000|100%| E|CS|TAMS 0x00000006a5000000, 0x00000006a5000000| Complete 
| 149|0x00000006a5400000, 0x00000006a5800000, 0x00000006a5800000|100%| E|CS|TAMS 0x00000006a5400000, 0x00000006a5400000| Complete 
| 150|0x00000006a5800000, 0x00000006a5c00000, 0x00000006a5c00000|100%| E|CS|TAMS 0x00000006a5800000, 0x00000006a5800000| Complete 
| 151|0x00000006a5c00000, 0x00000006a6000000, 0x00000006a6000000|100%| E|CS|TAMS 0x00000006a5c00000, 0x00000006a5c00000| Complete 
| 152|0x00000006a6000000, 0x00000006a6400000, 0x00000006a6400000|100%| E|CS|TAMS 0x00000006a6000000, 0x00000006a6000000| Complete 
| 153|0x00000006a6400000, 0x00000006a6800000, 0x00000006a6800000|100%| E|CS|TAMS 0x00000006a6400000, 0x00000006a6400000| Complete 
| 154|0x00000006a6800000, 0x00000006a6c00000, 0x00000006a6c00000|100%| E|CS|TAMS 0x00000006a6800000, 0x00000006a6800000| Complete 
| 155|0x00000006a6c00000, 0x00000006a7000000, 0x00000006a7000000|100%| E|CS|TAMS 0x00000006a6c00000, 0x00000006a6c00000| Complete 
| 156|0x00000006a7000000, 0x00000006a7400000, 0x00000006a7400000|100%| E|CS|TAMS 0x00000006a7000000, 0x00000006a7000000| Complete 
| 157|0x00000006a7400000, 0x00000006a7800000, 0x00000006a7800000|100%| E|CS|TAMS 0x00000006a7400000, 0x00000006a7400000| Complete 
| 158|0x00000006a7800000, 0x00000006a7c00000, 0x00000006a7c00000|100%| E|CS|TAMS 0x00000006a7800000, 0x00000006a7800000| Complete 
| 159|0x00000006a7c00000, 0x00000006a8000000, 0x00000006a8000000|100%| E|CS|TAMS 0x00000006a7c00000, 0x00000006a7c00000| Complete 
| 160|0x00000006a8000000, 0x00000006a8400000, 0x00000006a8400000|100%| E|CS|TAMS 0x00000006a8000000, 0x00000006a8000000| Complete 

Card table byte_map: [0x00000268ceb40000,0x00000268cf740000] _byte_map_base: 0x00000268cb740000

Marking Bits (Prev, Next): (CMBitMap*) 0x00000268b54719a0, (CMBitMap*) 0x00000268b54719e0
 Prev Bits: [0x00000268d0340000, 0x00000268d6340000)
 Next Bits: [0x00000268d6340000, 0x00000268dc340000)

Polling page: 0x00000268b5130000

Metaspace:

Usage:
  Non-class:    133.20 MB used.
      Class:     21.23 MB used.
       Both:    154.44 MB used.

Virtual space:
  Non-class space:      192.00 MB reserved,     134.44 MB ( 70%) committed,  3 nodes.
      Class space:        1.00 GB reserved,      22.25 MB (  2%) committed,  1 nodes.
             Both:        1.19 GB reserved,     156.69 MB ( 13%) committed. 

Chunk freelists:
   Non-Class:  9.14 MB
       Class:  9.71 MB
        Both:  18.85 MB

MaxMetaspaceSize: 2.00 GB
CompressedClassSpaceSize: 1.00 GB
Initial GC threshold: 21.00 MB
Current GC threshold: 164.06 MB
CDS: on
MetaspaceReclaimPolicy: balanced
 - commit_granule_bytes: 65536.
 - commit_granule_words: 8192.
 - virtual_space_node_default_size: 8388608.
 - enlarge_chunks_in_place: 1.
 - new_chunks_are_fully_committed: 0.
 - uncommit_free_chunks: 1.
 - use_allocation_guard: 0.
 - handle_deallocations: 1.


Internal statistics:

num_allocs_failed_limit: 12.
num_arena_births: 3396.
num_arena_deaths: 0.
num_vsnodes_births: 4.
num_vsnodes_deaths: 0.
num_space_committed: 2506.
num_space_uncommitted: 0.
num_chunks_returned_to_freelist: 12.
num_chunks_taken_from_freelist: 10920.
num_chunk_merges: 12.
num_chunk_splits: 6784.
num_chunks_enlarged: 3903.
num_inconsistent_stats: 0.

CodeHeap 'non-profiled nmethods': size=120000Kb used=17423Kb max_used=17423Kb free=102576Kb
 bounds [0x00000268c5d90000, 0x00000268c6ea0000, 0x00000268cd2c0000]
CodeHeap 'profiled nmethods': size=120000Kb used=47687Kb max_used=48227Kb free=72312Kb
 bounds [0x00000268be2c0000, 0x00000268c1220000, 0x00000268c57f0000]
CodeHeap 'non-nmethods': size=5760Kb used=2517Kb max_used=2626Kb free=3242Kb
 bounds [0x00000268c57f0000, 0x00000268c5a90000, 0x00000268c5d90000]
 total_blobs=24056 nmethods=22996 adapters=970
 compilation: enabled
              stopped_count=0, restarted_count=0
 full_count=0

Compilation events (20 events):
Event: 117.193 Thread 0x00000268de74ba70 nmethod 28613 0x00000268c6e92890 code [0x00000268c6e92a20, 0x00000268c6e92af8]
Event: 117.193 Thread 0x00000268de74ba70 28614       1       java.lang.management.DefaultPlatformMBeanProvider$1::mbeanInterfaceNames (5 bytes)
Event: 117.194 Thread 0x00000268de74ba70 nmethod 28614 0x00000268c6e92b90 code [0x00000268c6e92d20, 0x00000268c6e92df8]
Event: 117.254 Thread 0x00000268de74ba70 28615       3       java.util.concurrent.ScheduledThreadPoolExecutor$ScheduledFutureTask::getDelay (16 bytes)
Event: 117.255 Thread 0x00000268de74ba70 nmethod 28615 0x00000268c0ae2190 code [0x00000268c0ae2340, 0x00000268c0ae24c8]
Event: 118.197 Thread 0x00000268de74ba70 28616       1       java.lang.management.DefaultPlatformMBeanProvider$2::mbeanInterfaceNames (5 bytes)
Event: 118.197 Thread 0x00000268de74ba70 nmethod 28616 0x00000268c6e92e90 code [0x00000268c6e93020, 0x00000268c6e930f8]
Event: 118.197 Thread 0x00000268de74ba70 28617       1       java.lang.management.DefaultPlatformMBeanProvider$9::mbeanInterfaceNames (5 bytes)
Event: 118.197 Thread 0x00000268de74ba70 nmethod 28617 0x00000268c6e93190 code [0x00000268c6e93320, 0x00000268c6e933f8]
Event: 118.197 Thread 0x00000268de74ba70 28618       1       com.sun.management.internal.PlatformMBeanProviderImpl$5::mbeanInterfaceNames (5 bytes)
Event: 118.197 Thread 0x00000268de74ba70 nmethod 28618 0x00000268c6e93490 code [0x00000268c6e93620, 0x00000268c6e936f8]
Event: 118.197 Thread 0x00000268de74ba70 28619       1       com.sun.management.internal.PlatformMBeanProviderImpl$1::mbeanInterfaceNames (5 bytes)
Event: 118.197 Thread 0x00000268de74ba70 nmethod 28619 0x00000268c6e93790 code [0x00000268c6e93920, 0x00000268c6e939f8]
Event: 118.952 Thread 0x00000268de7490a0 28620       4       java.nio.charset.CoderResult::isUnderflow (13 bytes)
Event: 118.953 Thread 0x00000268de7490a0 nmethod 28620 0x00000268c6e93a90 code [0x00000268c6e93c00, 0x00000268c6e93c98]
Event: 119.009 Thread 0x00000268de74ba70 28621       3       java.nio.CharBuffer::flip (5 bytes)
Event: 119.009 Thread 0x00000268de7490a0 28623       4       org.gradle.internal.logging.text.AbstractLineChoppingStyledTextOutput$1::execute (9 bytes)
Event: 119.009 Thread 0x00000268de74ba70 nmethod 28621 0x00000268c0ae1d10 code [0x00000268c0ae1ec0, 0x00000268c0ae2098]
Event: 119.009 Thread 0x00000268de74ba70 28622       3       org.gradle.internal.logging.events.StyledTextOutputEvent$Span::<init> (15 bytes)
Event: 119.009 Thread 0x00000268de74ba70 nmethod 28622 0x00000268c0ae4c90 code [0x00000268c0ae4e40, 0x00000268c0ae5078]

GC Heap History (20 events):
Event: 24.361 GC heap before
{Heap before GC invocations=44 (full 0):
 garbage-first heap   total 454656K, used 363497K [0x0000000680000000, 0x0000000800000000)
  region size 4096K, 27 young (110592K), 4 survivors (16384K)
 Metaspace       used 122467K, committed 124224K, reserved 1179648K
  class space    used 17111K, committed 17920K, reserved 1048576K
}
Event: 24.374 GC heap after
{Heap after GC invocations=45 (full 0):
 garbage-first heap   total 548864K, used 277492K [0x0000000680000000, 0x0000000800000000)
  region size 4096K, 2 young (8192K), 2 survivors (8192K)
 Metaspace       used 122467K, committed 124224K, reserved 1179648K
  class space    used 17111K, committed 17920K, reserved 1048576K
}
Event: 25.489 GC heap before
{Heap before GC invocations=45 (full 0):
 garbage-first heap   total 548864K, used 441332K [0x0000000680000000, 0x0000000800000000)
  region size 4096K, 42 young (172032K), 2 survivors (8192K)
 Metaspace       used 123687K, committed 125824K, reserved 1179648K
  class space    used 17323K, committed 18304K, reserved 1048576K
}
Event: 25.506 GC heap after
{Heap after GC invocations=46 (full 0):
 garbage-first heap   total 548864K, used 293293K [0x0000000680000000, 0x0000000800000000)
  region size 4096K, 6 young (24576K), 6 survivors (24576K)
 Metaspace       used 123687K, committed 125824K, reserved 1179648K
  class space    used 17323K, committed 18304K, reserved 1048576K
}
Event: 26.624 GC heap before
{Heap before GC invocations=46 (full 0):
 garbage-first heap   total 548864K, used 432557K [0x0000000680000000, 0x0000000800000000)
  region size 4096K, 41 young (167936K), 6 survivors (24576K)
 Metaspace       used 126288K, committed 128448K, reserved 1179648K
  class space    used 17577K, committed 18560K, reserved 1048576K
}
Event: 26.641 GC heap after
{Heap after GC invocations=47 (full 0):
 garbage-first heap   total 548864K, used 304791K [0x0000000680000000, 0x0000000800000000)
  region size 4096K, 3 young (12288K), 3 survivors (12288K)
 Metaspace       used 126288K, committed 128448K, reserved 1179648K
  class space    used 17577K, committed 18560K, reserved 1048576K
}
Event: 30.816 GC heap before
{Heap before GC invocations=47 (full 0):
 garbage-first heap   total 548864K, used 439959K [0x0000000680000000, 0x0000000800000000)
  region size 4096K, 37 young (151552K), 3 survivors (12288K)
 Metaspace       used 127697K, committed 129856K, reserved 1179648K
  class space    used 17755K, committed 18752K, reserved 1048576K
}
Event: 30.824 GC heap after
{Heap after GC invocations=48 (full 0):
 garbage-first heap   total 548864K, used 308283K [0x0000000680000000, 0x0000000800000000)
  region size 4096K, 4 young (16384K), 4 survivors (16384K)
 Metaspace       used 127697K, committed 129856K, reserved 1179648K
  class space    used 17755K, committed 18752K, reserved 1048576K
}
Event: 31.494 GC heap before
{Heap before GC invocations=48 (full 0):
 garbage-first heap   total 548864K, used 443451K [0x0000000680000000, 0x0000000800000000)
  region size 4096K, 38 young (155648K), 4 survivors (16384K)
 Metaspace       used 128013K, committed 130240K, reserved 1179648K
  class space    used 17788K, committed 18816K, reserved 1048576K
}
Event: 31.505 GC heap after
{Heap after GC invocations=49 (full 0):
 garbage-first heap   total 548864K, used 314793K [0x0000000680000000, 0x0000000800000000)
  region size 4096K, 4 young (16384K), 4 survivors (16384K)
 Metaspace       used 128013K, committed 130240K, reserved 1179648K
  class space    used 17788K, committed 18816K, reserved 1048576K
}
Event: 33.929 GC heap before
{Heap before GC invocations=49 (full 0):
 garbage-first heap   total 548864K, used 445865K [0x0000000680000000, 0x0000000800000000)
  region size 4096K, 37 young (151552K), 4 survivors (16384K)
 Metaspace       used 137532K, committed 139712K, reserved 1179648K
  class space    used 18904K, committed 19904K, reserved 1048576K
}
Event: 33.943 GC heap after
{Heap after GC invocations=50 (full 0):
 garbage-first heap   total 659456K, used 326268K [0x0000000680000000, 0x0000000800000000)
  region size 4096K, 5 young (20480K), 5 survivors (20480K)
 Metaspace       used 137532K, committed 139712K, reserved 1179648K
  class space    used 18904K, committed 19904K, reserved 1048576K
}
Event: 35.749 GC heap before
{Heap before GC invocations=50 (full 0):
 garbage-first heap   total 659456K, used 531068K [0x0000000680000000, 0x0000000800000000)
  region size 4096K, 56 young (229376K), 5 survivors (20480K)
 Metaspace       used 138842K, committed 141184K, reserved 1179648K
  class space    used 19095K, committed 20160K, reserved 1048576K
}
Event: 35.765 GC heap after
{Heap after GC invocations=51 (full 0):
 garbage-first heap   total 659456K, used 334770K [0x0000000680000000, 0x0000000800000000)
  region size 4096K, 6 young (24576K), 6 survivors (24576K)
 Metaspace       used 138842K, committed 141184K, reserved 1179648K
  class space    used 19095K, committed 20160K, reserved 1048576K
}
Event: 37.941 GC heap before
{Heap before GC invocations=51 (full 0):
 garbage-first heap   total 659456K, used 531378K [0x0000000680000000, 0x0000000800000000)
  region size 4096K, 55 young (225280K), 6 survivors (24576K)
 Metaspace       used 152840K, committed 155136K, reserved 1245184K
  class space    used 21233K, committed 22272K, reserved 1048576K
}
Event: 37.957 GC heap after
{Heap after GC invocations=52 (full 0):
 garbage-first heap   total 659456K, used 344721K [0x0000000680000000, 0x0000000800000000)
  region size 4096K, 6 young (24576K), 6 survivors (24576K)
 Metaspace       used 152840K, committed 155136K, reserved 1245184K
  class space    used 21233K, committed 22272K, reserved 1048576K
}
Event: 40.095 GC heap before
{Heap before GC invocations=52 (full 0):
 garbage-first heap   total 659456K, used 541329K [0x0000000680000000, 0x0000000800000000)
  region size 4096K, 54 young (221184K), 6 survivors (24576K)
 Metaspace       used 155559K, committed 157824K, reserved 1245184K
  class space    used 21435K, committed 22464K, reserved 1048576K
}
Event: 40.108 GC heap after
{Heap after GC invocations=53 (full 0):
 garbage-first heap   total 659456K, used 346101K [0x0000000680000000, 0x0000000800000000)
  region size 4096K, 4 young (16384K), 4 survivors (16384K)
 Metaspace       used 155559K, committed 157824K, reserved 1245184K
  class space    used 21435K, committed 22464K, reserved 1048576K
}
Event: 43.085 GC heap before
{Heap before GC invocations=53 (full 0):
 garbage-first heap   total 659456K, used 546805K [0x0000000680000000, 0x0000000800000000)
  region size 4096K, 54 young (221184K), 4 survivors (16384K)
 Metaspace       used 157855K, committed 160192K, reserved 1245184K
  class space    used 21740K, committed 22784K, reserved 1048576K
}
Event: 43.096 GC heap after
{Heap after GC invocations=54 (full 0):
 garbage-first heap   total 659456K, used 342947K [0x0000000680000000, 0x0000000800000000)
  region size 4096K, 4 young (16384K), 4 survivors (16384K)
 Metaspace       used 157855K, committed 160192K, reserved 1245184K
  class space    used 21740K, committed 22784K, reserved 1048576K
}

Deoptimization events (20 events):
Event: 43.361 Thread 0x0000026927de9df0 Uncommon trap: trap_request=0xffffffde fr.pc=0x00000268c6daa498 relative=0x00000000000003b8
Event: 43.361 Thread 0x0000026927de9df0 Uncommon trap: reason=class_check action=maybe_recompile pc=0x00000268c6daa498 method=com.android.tools.r8.internal.ff.a(Lcom/android/tools/r8/graph/N2;Lcom/android/tools/r8/graph/N2;)I @ 12 c2
Event: 43.361 Thread 0x0000026927de9df0 DEOPT PACKING pc=0x00000268c6daa498 sp=0x0000008f31ffa1e0
Event: 43.361 Thread 0x0000026927de9df0 DEOPT UNPACKING pc=0x00000268c58423a3 sp=0x0000008f31ffa198 mode 2
Event: 43.701 Thread 0x0000026927de9df0 Uncommon trap: trap_request=0xffffffdc fr.pc=0x00000268c6532724 relative=0x0000000000000304
Event: 43.701 Thread 0x0000026927de9df0 Uncommon trap: reason=class_check action=make_not_entrant pc=0x00000268c6532724 method=java.util.ArrayList$SubList.toArray([Ljava/lang/Object;)[Ljava/lang/Object; @ 37 c2
Event: 43.701 Thread 0x0000026927de9df0 DEOPT PACKING pc=0x00000268c6532724 sp=0x0000008f31ffa4e0
Event: 43.701 Thread 0x0000026927de9df0 DEOPT UNPACKING pc=0x00000268c58423a3 sp=0x0000008f31ffa4b8 mode 2
Event: 48.868 Thread 0x0000026927de9df0 Uncommon trap: trap_request=0xffffffc6 fr.pc=0x00000268c62fb000 relative=0x00000000000001e0
Event: 48.868 Thread 0x0000026927de9df0 Uncommon trap: reason=bimorphic_or_optimized_type_check action=maybe_recompile pc=0x00000268c62fb000 method=org.gradle.internal.snapshot.LargeChildMap.withNode(Lorg/gradle/internal/snapshot/VfsRelativePath;Lorg/gradle/internal/snapshot/CaseSensitivity;Lor
Event: 48.868 Thread 0x0000026927de9df0 DEOPT PACKING pc=0x00000268c62fb000 sp=0x0000008f31ffd370
Event: 48.868 Thread 0x0000026927de9df0 DEOPT UNPACKING pc=0x00000268c58423a3 sp=0x0000008f31ffd330 mode 2
Event: 48.868 Thread 0x0000026927de9df0 Uncommon trap: trap_request=0xffffffc6 fr.pc=0x00000268c62fb000 relative=0x00000000000001e0
Event: 48.868 Thread 0x0000026927de9df0 Uncommon trap: reason=bimorphic_or_optimized_type_check action=maybe_recompile pc=0x00000268c62fb000 method=org.gradle.internal.snapshot.LargeChildMap.withNode(Lorg/gradle/internal/snapshot/VfsRelativePath;Lorg/gradle/internal/snapshot/CaseSensitivity;Lor
Event: 48.868 Thread 0x0000026927de9df0 DEOPT PACKING pc=0x00000268c62fb000 sp=0x0000008f31ffcff0
Event: 48.868 Thread 0x0000026927de9df0 DEOPT UNPACKING pc=0x00000268c58423a3 sp=0x0000008f31ffcfb0 mode 2
Event: 48.868 Thread 0x0000026927de9df0 Uncommon trap: trap_request=0xffffffc6 fr.pc=0x00000268c62fb000 relative=0x00000000000001e0
Event: 48.868 Thread 0x0000026927de9df0 Uncommon trap: reason=bimorphic_or_optimized_type_check action=maybe_recompile pc=0x00000268c62fb000 method=org.gradle.internal.snapshot.LargeChildMap.withNode(Lorg/gradle/internal/snapshot/VfsRelativePath;Lorg/gradle/internal/snapshot/CaseSensitivity;Lor
Event: 48.868 Thread 0x0000026927de9df0 DEOPT PACKING pc=0x00000268c62fb000 sp=0x0000008f31ffcfb0
Event: 48.868 Thread 0x0000026927de9df0 DEOPT UNPACKING pc=0x00000268c58423a3 sp=0x0000008f31ffcf70 mode 2

Classes unloaded (0 events):
No events

Classes redefined (0 events):
No events

Internal exceptions (20 events):
Event: 44.121 Thread 0x0000026927de9df0 Exception <a 'sun/nio/fs/WindowsException'{0x00000006a3269948}> (0x00000006a3269948) 
thrown [s\open\src\hotspot\share\prims\jni.cpp, line 516]
Event: 44.122 Thread 0x0000026927de9df0 Exception <a 'sun/nio/fs/WindowsException'{0x00000006a32afcc8}> (0x00000006a32afcc8) 
thrown [s\open\src\hotspot\share\prims\jni.cpp, line 516]
Event: 44.123 Thread 0x0000026927de9df0 Exception <a 'sun/nio/fs/WindowsException'{0x00000006a32fb3f8}> (0x00000006a32fb3f8) 
thrown [s\open\src\hotspot\share\prims\jni.cpp, line 516]
Event: 44.125 Thread 0x0000026927de9df0 Exception <a 'sun/nio/fs/WindowsException'{0x00000006a33432d8}> (0x00000006a33432d8) 
thrown [s\open\src\hotspot\share\prims\jni.cpp, line 516]
Event: 44.127 Thread 0x0000026927de9df0 Exception <a 'sun/nio/fs/WindowsException'{0x00000006a338cb00}> (0x00000006a338cb00) 
thrown [s\open\src\hotspot\share\prims\jni.cpp, line 516]
Event: 44.129 Thread 0x0000026927de9df0 Exception <a 'sun/nio/fs/WindowsException'{0x00000006a33db560}> (0x00000006a33db560) 
thrown [s\open\src\hotspot\share\prims\jni.cpp, line 516]
Event: 44.131 Thread 0x0000026927de9df0 Exception <a 'sun/nio/fs/WindowsException'{0x00000006a33e3e18}> (0x00000006a33e3e18) 
thrown [s\open\src\hotspot\share\prims\jni.cpp, line 516]
Event: 44.133 Thread 0x0000026927de9df0 Exception <a 'sun/nio/fs/WindowsException'{0x00000006a33eb0b0}> (0x00000006a33eb0b0) 
thrown [s\open\src\hotspot\share\prims\jni.cpp, line 516]
Event: 44.134 Thread 0x0000026927de9df0 Exception <a 'sun/nio/fs/WindowsException'{0x00000006a33f1728}> (0x00000006a33f1728) 
thrown [s\open\src\hotspot\share\prims\jni.cpp, line 516]
Event: 44.136 Thread 0x0000026927de9df0 Exception <a 'sun/nio/fs/WindowsException'{0x00000006a33fa690}> (0x00000006a33fa690) 
thrown [s\open\src\hotspot\share\prims\jni.cpp, line 516]
Event: 44.138 Thread 0x0000026927de9df0 Exception <a 'sun/nio/fs/WindowsException'{0x00000006a2d44a68}> (0x00000006a2d44a68) 
thrown [s\open\src\hotspot\share\prims\jni.cpp, line 516]
Event: 44.139 Thread 0x0000026927de9df0 Exception <a 'sun/nio/fs/WindowsException'{0x00000006a2d8bed8}> (0x00000006a2d8bed8) 
thrown [s\open\src\hotspot\share\prims\jni.cpp, line 516]
Event: 44.142 Thread 0x0000026927de9df0 Exception <a 'sun/nio/fs/WindowsException'{0x00000006a2df8ff0}> (0x00000006a2df8ff0) 
thrown [s\open\src\hotspot\share\prims\jni.cpp, line 516]
Event: 44.145 Thread 0x0000026927de9df0 Exception <a 'sun/nio/fs/WindowsException'{0x00000006a2e41b48}> (0x00000006a2e41b48) 
thrown [s\open\src\hotspot\share\prims\jni.cpp, line 516]
Event: 44.146 Thread 0x0000026927de9df0 Exception <a 'sun/nio/fs/WindowsException'{0x00000006a2e88428}> (0x00000006a2e88428) 
thrown [s\open\src\hotspot\share\prims\jni.cpp, line 516]
Event: 44.148 Thread 0x0000026927de9df0 Exception <a 'sun/nio/fs/WindowsException'{0x00000006a2ecf020}> (0x00000006a2ecf020) 
thrown [s\open\src\hotspot\share\prims\jni.cpp, line 516]
Event: 44.149 Thread 0x0000026927de9df0 Exception <a 'sun/nio/fs/WindowsException'{0x00000006a2ed53f0}> (0x00000006a2ed53f0) 
thrown [s\open\src\hotspot\share\prims\jni.cpp, line 516]
Event: 44.151 Thread 0x0000026927de9df0 Exception <a 'sun/nio/fs/WindowsException'{0x00000006a2edbb50}> (0x00000006a2edbb50) 
thrown [s\open\src\hotspot\share\prims\jni.cpp, line 516]
Event: 44.153 Thread 0x0000026927de9df0 Exception <a 'sun/nio/fs/WindowsException'{0x00000006a2ee2a48}> (0x00000006a2ee2a48) 
thrown [s\open\src\hotspot\share\prims\jni.cpp, line 516]
Event: 44.154 Thread 0x0000026927de9df0 Exception <a 'sun/nio/fs/WindowsException'{0x00000006a2ee8d70}> (0x00000006a2ee8d70) 
thrown [s\open\src\hotspot\share\prims\jni.cpp, line 516]

VM Operations (20 events):
Event: 43.329 Executing VM operation: HandshakeAllThreads
Event: 43.329 Executing VM operation: HandshakeAllThreads done
Event: 43.737 Executing VM operation: ICBufferFull
Event: 43.738 Executing VM operation: ICBufferFull done
Event: 44.137 Executing VM operation: ICBufferFull
Event: 44.137 Executing VM operation: ICBufferFull done
Event: 45.150 Executing VM operation: Cleanup
Event: 45.150 Executing VM operation: Cleanup done
Event: 47.162 Executing VM operation: Cleanup
Event: 47.162 Executing VM operation: Cleanup done
Event: 48.170 Executing VM operation: Cleanup
Event: 48.170 Executing VM operation: Cleanup done
Event: 49.173 Executing VM operation: Cleanup
Event: 49.173 Executing VM operation: Cleanup done
Event: 60.079 Executing VM operation: HandshakeAllThreads
Event: 60.079 Executing VM operation: HandshakeAllThreads done
Event: 86.231 Executing VM operation: Cleanup
Event: 86.231 Executing VM operation: Cleanup done
Event: 106.381 Executing VM operation: Cleanup
Event: 106.381 Executing VM operation: Cleanup done

Events (20 events):
Event: 43.402 Thread 0x00000268de74c990 flushing nmethod 0x00000268c0f02510
Event: 43.402 Thread 0x00000268de74c990 flushing nmethod 0x00000268c0f02f10
Event: 43.402 Thread 0x00000268de74c990 flushing nmethod 0x00000268c0f03d90
Event: 43.402 Thread 0x00000268de74c990 flushing nmethod 0x00000268c0f05610
Event: 43.402 Thread 0x00000268de74c990 flushing nmethod 0x00000268c0f08e90
Event: 43.402 Thread 0x00000268de74c990 flushing nmethod 0x00000268c0f0a890
Event: 43.402 Thread 0x00000268de74c990 flushing nmethod 0x00000268c0f0c590
Event: 43.402 Thread 0x00000268de74c990 flushing nmethod 0x00000268c0f13a10
Event: 43.402 Thread 0x00000268de74c990 flushing nmethod 0x00000268c0f1a390
Event: 43.402 Thread 0x00000268de74c990 flushing nmethod 0x00000268c0f1c990
Event: 43.402 Thread 0x00000268de74c990 flushing nmethod 0x00000268c0f1cd10
Event: 43.402 Thread 0x00000268de74c990 flushing nmethod 0x00000268c0f1d090
Event: 44.590 Thread 0x00000269304236a0 Thread exited: 0x00000269304236a0
Event: 45.198 Thread 0x0000026930422c00 Thread exited: 0x0000026930422c00
Event: 48.884 Thread 0x0000026930426120 Thread added: 0x0000026930426120
Event: 51.494 Thread 0x0000026930426120 Thread exited: 0x0000026930426120
Event: 69.629 Thread 0x000002692895a760 Thread exited: 0x000002692895a760
Event: 69.629 Thread 0x0000026927dea300 Thread exited: 0x0000026927dea300
Event: 69.629 Thread 0x0000026927de8ec0 Thread exited: 0x0000026927de8ec0
Event: 84.036 Thread 0x0000026928959d40 Thread exited: 0x0000026928959d40


Dynamic libraries:
0x00007ff775b70000 - 0x00007ff775b80000 	C:\Program Files\Java\jdk-17\bin\java.exe
0x00007fffb3380000 - 0x00007fffb35e8000 	C:\WINDOWS\SYSTEM32\ntdll.dll
0x00007fffb29d0000 - 0x00007fffb2a99000 	C:\WINDOWS\System32\KERNEL32.DLL
0x00007fffb0710000 - 0x00007fffb0b08000 	C:\WINDOWS\System32\KERNELBASE.dll
0x00007fffb0ea0000 - 0x00007fffb0feb000 	C:\WINDOWS\System32\ucrtbase.dll
0x00007fffa86d0000 - 0x00007fffa86eb000 	C:\Program Files\Java\jdk-17\bin\VCRUNTIME140.dll
0x00007fffa4710000 - 0x00007fffa4729000 	C:\Program Files\Java\jdk-17\bin\jli.dll
0x00007fffb3110000 - 0x00007fffb31c4000 	C:\WINDOWS\System32\ADVAPI32.dll
0x00007fffb2fb0000 - 0x00007fffb3059000 	C:\WINDOWS\System32\msvcrt.dll
0x00007fffb3060000 - 0x00007fffb3106000 	C:\WINDOWS\System32\sechost.dll
0x00007fffb2ca0000 - 0x00007fffb2db8000 	C:\WINDOWS\System32\RPCRT4.dll
0x00007fffb2770000 - 0x00007fffb2937000 	C:\WINDOWS\System32\USER32.dll
0x00007fff8a730000 - 0x00007fff8a9c4000 	C:\WINDOWS\WinSxS\amd64_microsoft.windows.common-controls_6595b64144ccf1df_6.0.26100.7019_none_3e06ffa0e335b8a8\COMCTL32.dll
0x00007fffb0e70000 - 0x00007fffb0e97000 	C:\WINDOWS\System32\win32u.dll
0x00007fffb2650000 - 0x00007fffb267b000 	C:\WINDOWS\System32\GDI32.dll
0x00007fffb0ff0000 - 0x00007fffb111c000 	C:\WINDOWS\System32\gdi32full.dll
0x00007fffb0d30000 - 0x00007fffb0dd3000 	C:\WINDOWS\System32\msvcp_win.dll
0x00007fff9dd70000 - 0x00007fff9dd7b000 	C:\WINDOWS\SYSTEM32\VERSION.dll
0x00007fffb2180000 - 0x00007fffb21b1000 	C:\WINDOWS\System32\IMM32.DLL
0x00007fffa8640000 - 0x00007fffa864c000 	C:\Program Files\Java\jdk-17\bin\vcruntime140_1.dll
0x00007fff52600000 - 0x00007fff5268e000 	C:\Program Files\Java\jdk-17\bin\msvcp140.dll
0x00007ffef8550000 - 0x00007ffef912f000 	C:\Program Files\Java\jdk-17\bin\server\jvm.dll
0x00007fffb2c90000 - 0x00007fffb2c98000 	C:\WINDOWS\System32\PSAPI.DLL
0x00007fff749e0000 - 0x00007fff749ea000 	C:\WINDOWS\SYSTEM32\WSOCK32.dll
0x00007fffa5610000 - 0x00007fffa5645000 	C:\WINDOWS\SYSTEM32\WINMM.dll
0x00007fffb1680000 - 0x00007fffb16f4000 	C:\WINDOWS\System32\WS2_32.dll
0x00007fffaf290000 - 0x00007fffaf2ab000 	C:\WINDOWS\SYSTEM32\kernel.appcore.dll
0x00007fff9cc20000 - 0x00007fff9cc2a000 	C:\Program Files\Java\jdk-17\bin\jimage.dll
0x00007fffad720000 - 0x00007fffad962000 	C:\WINDOWS\SYSTEM32\DBGHELP.DLL
0x00007fffb21c0000 - 0x00007fffb254b000 	C:\WINDOWS\System32\combase.dll
0x00007fffb2690000 - 0x00007fffb2767000 	C:\WINDOWS\System32\OLEAUT32.dll
0x00007fff982a0000 - 0x00007fff982dc000 	C:\WINDOWS\SYSTEM32\dbgcore.DLL
0x00007fffb0b10000 - 0x00007fffb0bb5000 	C:\WINDOWS\System32\bcryptPrimitives.dll
0x00007fff8a050000 - 0x00007fff8a05e000 	C:\Program Files\Java\jdk-17\bin\instrument.dll
0x00007fff94840000 - 0x00007fff94865000 	C:\Program Files\Java\jdk-17\bin\java.dll
0x00007fff39940000 - 0x00007fff39a17000 	C:\Program Files\Java\jdk-17\bin\jsvml.dll
0x00007fffb19a0000 - 0x00007fffb20ef000 	C:\WINDOWS\System32\SHELL32.dll
0x00007fffb0bc0000 - 0x00007fffb0d2b000 	C:\WINDOWS\System32\wintypes.dll
0x00007fffae0d0000 - 0x00007fffae92d000 	C:\WINDOWS\SYSTEM32\windows.storage.dll
0x00007fffb2aa0000 - 0x00007fffb2b92000 	C:\WINDOWS\System32\SHCORE.dll
0x00007fffb2ba0000 - 0x00007fffb2c07000 	C:\WINDOWS\System32\shlwapi.dll
0x00007fffb03f0000 - 0x00007fffb0419000 	C:\WINDOWS\SYSTEM32\profapi.dll
0x00007fff94410000 - 0x00007fff94428000 	C:\Program Files\Java\jdk-17\bin\zip.dll
0x00007fff94550000 - 0x00007fff94569000 	C:\Program Files\Java\jdk-17\bin\net.dll
0x00007fff9f2b0000 - 0x00007fff9f3d8000 	C:\WINDOWS\SYSTEM32\WINHTTP.dll
0x00007fffaf800000 - 0x00007fffaf86b000 	C:\WINDOWS\system32\mswsock.dll
0x00007fff94530000 - 0x00007fff94546000 	C:\Program Files\Java\jdk-17\bin\nio.dll
0x00007fff9cb30000 - 0x00007fff9cb40000 	C:\Program Files\Java\jdk-17\bin\verify.dll
0x00007fff0a5b0000 - 0x00007fff0a5d7000 	C:\Users\aravi\.gradle\native\1def1411415f61bf3af743bc5b6707747c0891f09f0c88961ee8f79bc544acac\windows-amd64\native-platform.dll
0x00007fff6c350000 - 0x00007fff6c3c8000 	C:\Users\aravi\.gradle\native\0.2.7\x86_64-windows-gnu\gradle-fileevents.dll
0x00007fff944c0000 - 0x00007fff944ca000 	C:\Program Files\Java\jdk-17\bin\management.dll
0x00007fff93820000 - 0x00007fff9382b000 	C:\Program Files\Java\jdk-17\bin\management_ext.dll
0x00007fffaedd0000 - 0x00007fffaee04000 	C:\WINDOWS\SYSTEM32\IPHLPAPI.DLL
0x00007fffb1120000 - 0x00007fffb112a000 	C:\WINDOWS\System32\NSI.dll
0x00007fffa6e00000 - 0x00007fffa6e1e000 	C:\WINDOWS\SYSTEM32\dhcpcsvc6.DLL
0x00007fffa6dd0000 - 0x00007fffa6df3000 	C:\WINDOWS\SYSTEM32\dhcpcsvc.DLL
0x00007fffaee10000 - 0x00007fffaef3c000 	C:\WINDOWS\SYSTEM32\DNSAPI.dll
0x00007fffafac0000 - 0x00007fffafadb000 	C:\WINDOWS\SYSTEM32\CRYPTSP.dll
0x00007fffaf1f0000 - 0x00007fffaf22a000 	C:\WINDOWS\system32\rsaenh.dll
0x00007fffaf8b0000 - 0x00007fffaf8db000 	C:\WINDOWS\SYSTEM32\USERENV.dll
0x00007fffb03c0000 - 0x00007fffb03ea000 	C:\WINDOWS\SYSTEM32\bcrypt.dll
0x00007fffafae0000 - 0x00007fffafaec000 	C:\WINDOWS\SYSTEM32\CRYPTBASE.dll
0x00007fff8a040000 - 0x00007fff8a04e000 	C:\Program Files\Java\jdk-17\bin\sunmscapi.dll
0x00007fffb0590000 - 0x00007fffb0707000 	C:\WINDOWS\System32\CRYPT32.dll
0x00007fffafce0000 - 0x00007fffafd10000 	C:\WINDOWS\SYSTEM32\ncrypt.dll
0x00007fffafc90000 - 0x00007fffafccf000 	C:\WINDOWS\SYSTEM32\NTASN1.dll
0x00007fff6c6d0000 - 0x00007fff6c6d8000 	C:\WINDOWS\system32\wshunix.dll
0x00007fffaf3b0000 - 0x00007fffaf3e6000 	C:\WINDOWS\SYSTEM32\ntmarta.dll

dbghelp: loaded successfully - version: 4.0.5 - missing functions: none
symbol engine: initialized successfully - sym options: 0x614 - pdb path: .;C:\Program Files\Java\jdk-17\bin;C:\WINDOWS\SYSTEM32;C:\WINDOWS\WinSxS\amd64_microsoft.windows.common-controls_6595b64144ccf1df_6.0.26100.7019_none_3e06ffa0e335b8a8;C:\Program Files\Java\jdk-17\bin\server;C:\Users\aravi\.gradle\native\1def1411415f61bf3af743bc5b6707747c0891f09f0c88961ee8f79bc544acac\windows-amd64;C:\Users\aravi\.gradle\native\0.2.7\x86_64-windows-gnu

VM Arguments:
jvm_args: --add-opens=java.base/java.lang=ALL-UNNAMED --add-opens=java.base/java.lang.invoke=ALL-UNNAMED --add-opens=java.base/java.util=ALL-UNNAMED --add-opens=java.prefs/java.util.prefs=ALL-UNNAMED --add-exports=jdk.compiler/com.sun.tools.javac.api=ALL-UNNAMED --add-exports=jdk.compiler/com.sun.tools.javac.util=ALL-UNNAMED --add-opens=java.base/java.util=ALL-UNNAMED --add-opens=java.prefs/java.util.prefs=ALL-UNNAMED --add-opens=java.base/java.nio.charset=ALL-UNNAMED --add-opens=java.base/java.net=ALL-UNNAMED --add-opens=java.base/java.util.concurrent.atomic=ALL-UNNAMED --add-opens=java.xml/javax.xml.namespace=ALL-UNNAMED -XX:MaxMetaspaceSize=2048m -XX:+HeapDumpOnOutOfMemoryError -XX:+UseG1GC -Xmx6144m -Dfile.encoding=UTF-8 -Duser.country=IN -Duser.language=en -Duser.variant -javaagent:C:\Users\aravi\.gradle\wrapper\dists\gradle-8.14.1-bin\baw1sv0jfoi8rxs14qo3h49cs\gradle-8.14.1\lib\agents\gradle-instrumentation-agent-8.14.1.jar 
java_command: org.gradle.launcher.daemon.bootstrap.GradleDaemon 8.14.1
java_class_path (initial): C:\Users\aravi\.gradle\wrapper\dists\gradle-8.14.1-bin\baw1sv0jfoi8rxs14qo3h49cs\gradle-8.14.1\lib\gradle-daemon-main-8.14.1.jar
Launcher Type: SUN_STANDARD

[Global flags]
     intx CICompilerCount                          = 4                                         {product} {ergonomic}
     uint ConcGCThreads                            = 3                                         {product} {ergonomic}
     uint G1ConcRefinementThreads                  = 10                                        {product} {ergonomic}
   size_t G1HeapRegionSize                         = 4194304                                   {product} {ergonomic}
    uintx GCDrainStackTargetSize                   = 64                                        {product} {ergonomic}
     bool HeapDumpOnOutOfMemoryError               = true                                   {manageable} {command line}
   size_t InitialHeapSize                          = 264241152                                 {product} {ergonomic}
   size_t MarkStackSize                            = 4194304                                   {product} {ergonomic}
   size_t MaxHeapSize                              = 6442450944                                {product} {command line}
   size_t MaxMetaspaceSize                         = 2147483648                                {product} {command line}
   size_t MaxNewSize                               = 3862953984                                {product} {ergonomic}
   size_t MinHeapDeltaBytes                        = 4194304                                   {product} {ergonomic}
   size_t MinHeapSize                              = 8388608                                   {product} {ergonomic}
    uintx NonNMethodCodeHeapSize                   = 5839372                                {pd product} {ergonomic}
    uintx NonProfiledCodeHeapSize                  = 122909434                              {pd product} {ergonomic}
    uintx ProfiledCodeHeapSize                     = 122909434                              {pd product} {ergonomic}
    uintx ReservedCodeCacheSize                    = 251658240                              {pd product} {ergonomic}
     bool SegmentedCodeCache                       = true                                      {product} {ergonomic}
   size_t SoftMaxHeapSize                          = 6442450944                             {manageable} {ergonomic}
     bool UseCompressedClassPointers               = true                           {product lp64_product} {ergonomic}
     bool UseCompressedOops                        = true                           {product lp64_product} {ergonomic}
     bool UseG1GC                                  = true                                      {product} {command line}
     bool UseLargePagesIndividualAllocation        = false                                  {pd product} {ergonomic}

Logging:
Log output configuration:
 #0: stdout all=warning uptime,level,tags
 #1: stderr all=off uptime,level,tags

Environment Variables:
JAVA_HOME=C:\Program Files\Java\jdk-17
PATH=C:\Program Files (x86)\Common Files\Oracle\Java\javapath;C:\Users\aravi\AppData\Local\Android\Sdk\platform-tools;C:\Users\aravi\AppData\Local\Android\Sdk\cmdline-tools\latest\bin;C:\Users\aravi\AppData\Local\Android\Sdk\tools;C:\Users\aravi\AppData\Local\Android\Sdk\tools\bin;C:\Program Files\Common Files\Oracle\Java\javapath;C:\WINDOWS\system32;C:\WINDOWS;C:\WINDOWS\System32\Wbem;C:\WINDOWS\System32\WindowsPowerShell\v1.0\;C:\WINDOWS\System32\OpenSSH\;C:\Program Files\Microsoft SQL Server\150\Tools\Binn\;C:\Program Files\Microsoft SQL Server\Client SDK\ODBC\170\Tools\Binn\;C:\Program Files\dotnet\;C:\Program Files\Git\cmd;C:\Program Files (x86)\Windows Kits\10\Windows Performance Toolkit\;C:\Program Files\Java\jdk-17\bin;C:\Users\aravi\AppData\Roaming\nvm;C:\Program Files\nodejs;C:\Users\aravi\AppData\Local\Android\Sdk;C:\Users\aravi\AppData\Local\Android\Sdk\platform-tools;C:\Program Files\platform-tools;C:\Program Files (x86)\Microsoft SQL Server\160\Tools\Binn\;C:\Program Files\Microsoft SQL Server\160\Tools\Binn\;C:\Program Files\Microsoft SQL Server\160\DTS\B;;c:\Users\aravi\AppData\Local\Programs\cursor\resources\app\bin;C:\Program Files\CMake\bin;C:\Users\aravi\AppData\Local\Android\Sdk\tools;C:\Users\aravi\AppData\Local\Microsoft\WindowsApps;C:\Users\aravi\.dotnet\tools;C:\Program Files\Java\jdk-17;C:\Users\aravi\AppData\Roaming\nvm;C:\Program Files\nodejs;C:\Users\aravi\AppData\Local\Android\Sdk;C:\Users\aravi\AppData\Local\Android\Sdk\platform-tools;C:\Program Files\platform-tools;C:\Program Files (x86)\Nmap;C:\Program Files\JetBrains\PyCharm 2024.3.1.1\bin;;C:\Users\aravi\AppData\Local\GitHubDesktop\bin;C:\Users\aravi\AppData\Local\Programs\Microsoft VS Code\bin;C:\Users\aravi\AppData\Local\Microsoft\WinGet\Packages\Gyan.FFmpeg_Microsoft.Winget.Source_8wekyb3d8bbwe\ffmpeg-7.1.1-full_build\bin;C:\Users\aravi\AppData\Local\Programs\cursor\resources\app\bin;c:\Users\aravi\.cursor\extensions\vscjava.vscode-java-debug-0.58.3-universal\bundled\scripts\noConf
USERNAME=aravi
LANG=en_US.UTF-8
OS=Windows_NT
PROCESSOR_IDENTIFIER=Intel64 Family 6 Model 154 Stepping 3, GenuineIntel



---------------  S Y S T E M  ---------------

OS:
 Windows 11 , 64 bit Build 26100 (10.0.26100.7019)
OS uptime: 2 days 11:55 hours
Hyper-V role detected

CPU: total 12 (initial active 12) (6 cores per cpu, 2 threads per core) family 6 model 154 stepping 3 microcode 0x429, cx8, cmov, fxsr, ht, mmx, 3dnowpref, sse, sse2, sse3, ssse3, sse4.1, sse4.2, popcnt, lzcnt, tsc, tscinvbit, avx, avx2, aes, erms, clmul, bmi1, bmi2, adx, sha, fma, vzeroupper, clflush, clflushopt, clwb, hv

Memory: 4k page, system-wide physical 16076M (2022M free)
TotalPageFile size 28850M (AvailPageFile size 5M)
current process WorkingSet (physical memory assigned to process): 1065M, peak: 1113M
current process commit charge ("private bytes"): 1123M, peak: 1172M

vm_info: Java HotSpot(TM) 64-Bit Server VM (17.0.10+11-LTS-240) for windows-amd64 JRE (17.0.10+11-LTS-240), built on Dec 19 2023 21:47:25 by "mach5one" with MS VC++ 17.1 (VS2022)

END.
